<resultados>
	<mundos>
		<mundo nombre="mundo_0">
			<linea fila="13" compresionDeCeros="true">(2) 6 </linea>
			<linea fila="12" compresionDeCeros="true">(3) 11 </linea>
			<linea fila="11" compresionDeCeros="true">(4) 7 </linea>
			<linea fila="10" compresionDeCeros="true">(5) 2 </linea>
			<linea fila="9" compresionDeCeros="true">(6) 6 </linea>
			<linea fila="8" compresionDeCeros="true">(7) 4 </linea>
			<linea fila="7" compresionDeCeros="true">(8) 3 </linea>
			<linea fila="6" compresionDeCeros="true">(9) 1 </linea>
			<linea fila="5" compresionDeCeros="true">(10) 5 </linea>
			<linea fila="4" compresionDeCeros="true">(11) 3 </linea>
			<linea fila="2" compresionDeCeros="true">(13) 8 </linea>
			<linea fila="1" compresionDeCeros="true">(14) 9 </linea>
		</mundo>
	</mundos>
	<programas>
		<programa nombre="p1" resultadoEjecucion="FIN PROGRAMA"/>
	</programas>
</resultados>

