<resultados>
	<mundos>
		<mundo nombre="mundo_0">
			<linea fila="73" compresionDeCeros="true">(1) 32 </linea>
			<linea fila="72" compresionDeCeros="true">(2) 34 </linea>
			<linea fila="71" compresionDeCeros="true">(3) 64 </linea>
			<linea fila="70" compresionDeCeros="true">(4) 12 </linea>
			<linea fila="69" compresionDeCeros="true">(5) 36 </linea>
			<linea fila="68" compresionDeCeros="true">(6) 5 </linea>
			<linea fila="67" compresionDeCeros="true">(7) 27 </linea>
			<linea fila="66" compresionDeCeros="true">(8) 49 </linea>
			<linea fila="65" compresionDeCeros="true">(9) 59 </linea>
			<linea fila="64" compresionDeCeros="true">(10) 29 </linea>
			<linea fila="63" compresionDeCeros="true">(11) 43 </linea>
			<linea fila="62" compresionDeCeros="true">(12) 5 </linea>
			<linea fila="61" compresionDeCeros="true">(13) 8 </linea>
			<linea fila="60" compresionDeCeros="true">(14) 50 </linea>
			<linea fila="59" compresionDeCeros="true">(15) 13 </linea>
			<linea fila="58" compresionDeCeros="true">(16) 26 </linea>
			<linea fila="57" compresionDeCeros="true">(17) 7 </linea>
			<linea fila="56" compresionDeCeros="true">(18) 41 </linea>
			<linea fila="55" compresionDeCeros="true">(19) 6 </linea>
			<linea fila="54" compresionDeCeros="true">(20) 6 </linea>
			<linea fila="53" compresionDeCeros="true">(21) 19 </linea>
			<linea fila="52" compresionDeCeros="true">(22) 8 </linea>
			<linea fila="51" compresionDeCeros="true">(23) 42 </linea>
			<linea fila="50" compresionDeCeros="true">(24) 27 </linea>
			<linea fila="49" compresionDeCeros="true">(25) 19 </linea>
			<linea fila="48" compresionDeCeros="true">(26) 23 </linea>
			<linea fila="47" compresionDeCeros="true">(27) 25 </linea>
			<linea fila="46" compresionDeCeros="true">(28) 28 </linea>
			<linea fila="45" compresionDeCeros="true">(29) 18 </linea>
			<linea fila="44" compresionDeCeros="true">(30) 38 </linea>
			<linea fila="43" compresionDeCeros="true">(31) 12 </linea>
			<linea fila="42" compresionDeCeros="true">(32) 29 </linea>
			<linea fila="41" compresionDeCeros="true">(33) 22 </linea>
			<linea fila="39" compresionDeCeros="true">(35) 14 </linea>
			<linea fila="38" compresionDeCeros="true">(36) 4 </linea>
			<linea fila="37" compresionDeCeros="true">(37) 25 </linea>
			<linea fila="36" compresionDeCeros="true">(38) 9 </linea>
			<linea fila="35" compresionDeCeros="true">(39) 34 </linea>
			<linea fila="34" compresionDeCeros="true">(40) 32 </linea>
			<linea fila="33" compresionDeCeros="true">(41) 18 </linea>
			<linea fila="32" compresionDeCeros="true">(42) 30 </linea>
			<linea fila="31" compresionDeCeros="true">(43) 24 </linea>
			<linea fila="30" compresionDeCeros="true">(44) 43 </linea>
			<linea fila="29" compresionDeCeros="true">(45) 23 </linea>
			<linea fila="28" compresionDeCeros="true">(46) 34 </linea>
			<linea fila="27" compresionDeCeros="true">(47) 19 </linea>
			<linea fila="26" compresionDeCeros="true">(48) 3 </linea>
			<linea fila="25" compresionDeCeros="true">(49) 34 </linea>
			<linea fila="24" compresionDeCeros="true">(50) 13 </linea>
			<linea fila="23" compresionDeCeros="true">(51) 10 </linea>
			<linea fila="22" compresionDeCeros="true">(52) 32 </linea>
			<linea fila="21" compresionDeCeros="true">(53) 19 </linea>
			<linea fila="20" compresionDeCeros="true">(54) 19 </linea>
			<linea fila="19" compresionDeCeros="true">(55) 13 </linea>
			<linea fila="18" compresionDeCeros="true">(56) 7 </linea>
			<linea fila="17" compresionDeCeros="true">(57) 48 </linea>
			<linea fila="16" compresionDeCeros="true">(58) 40 </linea>
			<linea fila="15" compresionDeCeros="true">(59) 44 </linea>
			<linea fila="14" compresionDeCeros="true">(60) 53 </linea>
			<linea fila="13" compresionDeCeros="true">(61) 42 </linea>
			<linea fila="12" compresionDeCeros="true">(62) 27 </linea>
			<linea fila="11" compresionDeCeros="true">(63) 38 </linea>
			<linea fila="10" compresionDeCeros="true">(64) 49 </linea>
			<linea fila="9" compresionDeCeros="true">(65) 35 </linea>
			<linea fila="8" compresionDeCeros="true">(66) 36 </linea>
			<linea fila="7" compresionDeCeros="true">(67) 49 </linea>
			<linea fila="6" compresionDeCeros="true">(68) 4 </linea>
			<linea fila="5" compresionDeCeros="true">(69) 3 </linea>
			<linea fila="4" compresionDeCeros="true">(70) 29 </linea>
			<linea fila="3" compresionDeCeros="true">(71) 66 </linea>
			<linea fila="2" compresionDeCeros="true">(72) 45 </linea>
			<linea fila="1" compresionDeCeros="true">(73) 51 </linea>
		</mundo>
	</mundos>
	<programas>
		<programa nombre="p1" resultadoEjecucion="FIN PROGRAMA"/>
	</programas>
</resultados>

