<resultados>
	<mundos>
		<mundo nombre="mundo_0">
			<linea fila="95" compresionDeCeros="true">(1) 12 </linea>
			<linea fila="94" compresionDeCeros="true">(2) 23 </linea>
			<linea fila="93" compresionDeCeros="true">(3) 35 </linea>
			<linea fila="92" compresionDeCeros="true">(4) 43 </linea>
			<linea fila="91" compresionDeCeros="true">(5) 7 </linea>
			<linea fila="90" compresionDeCeros="true">(6) 3 </linea>
			<linea fila="89" compresionDeCeros="true">(7) 61 </linea>
			<linea fila="88" compresionDeCeros="true">(8) 7 </linea>
			<linea fila="87" compresionDeCeros="true">(9) 56 </linea>
			<linea fila="86" compresionDeCeros="true">(10) 44 </linea>
			<linea fila="85" compresionDeCeros="true">(11) 48 </linea>
			<linea fila="84" compresionDeCeros="true">(12) 76 </linea>
			<linea fila="83" compresionDeCeros="true">(13) 21 </linea>
			<linea fila="82" compresionDeCeros="true">(14) 36 </linea>
			<linea fila="81" compresionDeCeros="true">(15) 13 </linea>
			<linea fila="80" compresionDeCeros="true">(16) 8 </linea>
			<linea fila="79" compresionDeCeros="true">(17) 54 </linea>
			<linea fila="78" compresionDeCeros="true">(18) 9 </linea>
			<linea fila="77" compresionDeCeros="true">(19) 59 </linea>
			<linea fila="76" compresionDeCeros="true">(20) 6 </linea>
			<linea fila="75" compresionDeCeros="true">(21) 21 </linea>
			<linea fila="74" compresionDeCeros="true">(22) 16 </linea>
			<linea fila="73" compresionDeCeros="true">(23) 16 </linea>
			<linea fila="72" compresionDeCeros="true">(24) 55 </linea>
			<linea fila="71" compresionDeCeros="true">(25) 22 </linea>
			<linea fila="70" compresionDeCeros="true">(26) 2 </linea>
			<linea fila="69" compresionDeCeros="true">(27) 18 </linea>
			<linea fila="68" compresionDeCeros="true">(28) 9 </linea>
			<linea fila="67" compresionDeCeros="true">(29) 24 </linea>
			<linea fila="66" compresionDeCeros="true">(30) 1 </linea>
			<linea fila="65" compresionDeCeros="true">(31) 5 </linea>
			<linea fila="64" compresionDeCeros="true">(32) 60 </linea>
			<linea fila="63" compresionDeCeros="true">(33) 24 </linea>
			<linea fila="62" compresionDeCeros="true">(34) 31 </linea>
			<linea fila="61" compresionDeCeros="true">(35) 7 </linea>
			<linea fila="60" compresionDeCeros="true">(36) 8 </linea>
			<linea fila="59" compresionDeCeros="true">(37) 3 </linea>
			<linea fila="58" compresionDeCeros="true">(38) 29 </linea>
			<linea fila="57" compresionDeCeros="true">(39) 3 </linea>
			<linea fila="56" compresionDeCeros="true">(40) 8 </linea>
			<linea fila="55" compresionDeCeros="true">(41) 37 </linea>
			<linea fila="54" compresionDeCeros="true">(42) 36 </linea>
			<linea fila="53" compresionDeCeros="true">(43) 37 </linea>
			<linea fila="52" compresionDeCeros="true">(44) 6 </linea>
			<linea fila="51" compresionDeCeros="true">(45) 32 </linea>
			<linea fila="50" compresionDeCeros="true">(46) 43 </linea>
			<linea fila="49" compresionDeCeros="true">(47) 7 </linea>
			<linea fila="48" compresionDeCeros="true">(48) 6 </linea>
			<linea fila="47" compresionDeCeros="true">(49) 27 </linea>
			<linea fila="46" compresionDeCeros="true">(50) 33 </linea>
			<linea fila="45" compresionDeCeros="true">(51) 25 </linea>
			<linea fila="44" compresionDeCeros="true">(52) 21 </linea>
			<linea fila="43" compresionDeCeros="true">(53) 39 </linea>
			<linea fila="42" compresionDeCeros="true">(54) 51 </linea>
			<linea fila="41" compresionDeCeros="true">(55) 29 </linea>
			<linea fila="40" compresionDeCeros="true">(56) 28 </linea>
			<linea fila="39" compresionDeCeros="true">(57) 15 </linea>
			<linea fila="38" compresionDeCeros="true">(58) 24 </linea>
			<linea fila="37" compresionDeCeros="true">(59) 58 </linea>
			<linea fila="36" compresionDeCeros="true">(60) 34 </linea>
			<linea fila="35" compresionDeCeros="true">(61) 20 </linea>
			<linea fila="34" compresionDeCeros="true">(62) 23 </linea>
			<linea fila="33" compresionDeCeros="true">(63) 23 </linea>
			<linea fila="32" compresionDeCeros="true">(64) 21 </linea>
			<linea fila="31" compresionDeCeros="true">(65) 12 </linea>
			<linea fila="30" compresionDeCeros="true">(66) 10 </linea>
			<linea fila="29" compresionDeCeros="true">(67) 41 </linea>
			<linea fila="28" compresionDeCeros="true">(68) 34 </linea>
			<linea fila="27" compresionDeCeros="true">(69) 58 </linea>
			<linea fila="26" compresionDeCeros="true">(70) 67 </linea>
			<linea fila="25" compresionDeCeros="true">(71) 39 </linea>
			<linea fila="24" compresionDeCeros="true">(72) 59 </linea>
			<linea fila="23" compresionDeCeros="true">(73) 51 </linea>
			<linea fila="22" compresionDeCeros="true">(74) 68 </linea>
			<linea fila="21" compresionDeCeros="true">(75) 31 </linea>
			<linea fila="20" compresionDeCeros="true">(76) 12 </linea>
			<linea fila="19" compresionDeCeros="true">(77) 70 </linea>
			<linea fila="18" compresionDeCeros="true">(78) 30 </linea>
			<linea fila="17" compresionDeCeros="true">(79) 2 </linea>
			<linea fila="16" compresionDeCeros="true">(80) 9 </linea>
			<linea fila="15" compresionDeCeros="true">(81) 41 </linea>
			<linea fila="14" compresionDeCeros="true">(82) 78 </linea>
			<linea fila="13" compresionDeCeros="true">(83) 7 </linea>
			<linea fila="12" compresionDeCeros="true">(84) 24 </linea>
			<linea fila="11" compresionDeCeros="true">(85) 70 </linea>
			<linea fila="10" compresionDeCeros="true">(86) 7 </linea>
			<linea fila="9" compresionDeCeros="true">(87) 67 </linea>
			<linea fila="8" compresionDeCeros="true">(88) 62 </linea>
			<linea fila="7" compresionDeCeros="true">(89) 18 </linea>
			<linea fila="6" compresionDeCeros="true">(90) 70 </linea>
			<linea fila="5" compresionDeCeros="true">(91) 2 </linea>
			<linea fila="4" compresionDeCeros="true">(92) 11 </linea>
			<linea fila="3" compresionDeCeros="true">(93) 36 </linea>
			<linea fila="2" compresionDeCeros="true">(94) 81 </linea>
			<linea fila="1" compresionDeCeros="true">(95) 82 </linea>
		</mundo>
	</mundos>
	<programas>
		<programa nombre="p1" resultadoEjecucion="FIN PROGRAMA"/>
	</programas>
</resultados>

