<resultados>
	<mundos>
		<mundo nombre="mundo_0">
			<linea fila="33" compresionDeCeros="true">(1) 3 </linea>
			<linea fila="32" compresionDeCeros="true">(2) 29 </linea>
			<linea fila="31" compresionDeCeros="true">(3) 11 </linea>
			<linea fila="30" compresionDeCeros="true">(4) 20 </linea>
			<linea fila="29" compresionDeCeros="true">(5) 14 </linea>
			<linea fila="28" compresionDeCeros="true">(6) 7 </linea>
			<linea fila="27" compresionDeCeros="true">(7) 4 </linea>
			<linea fila="26" compresionDeCeros="true">(8) 7 </linea>
			<linea fila="25" compresionDeCeros="true">(9) 14 </linea>
			<linea fila="24" compresionDeCeros="true">(10) 12 </linea>
			<linea fila="23" compresionDeCeros="true">(11) 13 </linea>
			<linea fila="21" compresionDeCeros="true">(13) 7 </linea>
			<linea fila="20" compresionDeCeros="true">(14) 15 </linea>
			<linea fila="19" compresionDeCeros="true">(15) 7 </linea>
			<linea fila="18" compresionDeCeros="true">(16) 4 </linea>
			<linea fila="17" compresionDeCeros="true">(17) 6 </linea>
			<linea fila="16" compresionDeCeros="true">(18) 2 </linea>
			<linea fila="14" compresionDeCeros="true">(20) 6 </linea>
			<linea fila="13" compresionDeCeros="true">(21) 14 </linea>
			<linea fila="11" compresionDeCeros="true">(23) 10 </linea>
			<linea fila="10" compresionDeCeros="true">(24) 21 </linea>
			<linea fila="9" compresionDeCeros="true">(25) 22 </linea>
			<linea fila="8" compresionDeCeros="true">(26) 14 </linea>
			<linea fila="7" compresionDeCeros="true">(27) 14 </linea>
			<linea fila="6" compresionDeCeros="true">(28) 14 </linea>
			<linea fila="5" compresionDeCeros="true">(29) 28 </linea>
			<linea fila="4" compresionDeCeros="true">(30) 17 </linea>
			<linea fila="3" compresionDeCeros="true">(31) 8 </linea>
			<linea fila="2" compresionDeCeros="true">(32) 22 </linea>
			<linea fila="1" compresionDeCeros="true">(33) 31 </linea>
		</mundo>
	</mundos>
	<programas>
		<programa nombre="p1" resultadoEjecucion="FIN PROGRAMA"/>
	</programas>
</resultados>

