<resultados>
	<mundos>
		<mundo nombre="mundo_0">
			<linea fila="55" compresionDeCeros="true">(1) 25 </linea>
			<linea fila="54" compresionDeCeros="true">(2) 46 </linea>
			<linea fila="53" compresionDeCeros="true">(3) 13 </linea>
			<linea fila="52" compresionDeCeros="true">(4) 27 </linea>
			<linea fila="51" compresionDeCeros="true">(5) 1 </linea>
			<linea fila="50" compresionDeCeros="true">(6) 11 </linea>
			<linea fila="49" compresionDeCeros="true">(7) 12 </linea>
			<linea fila="48" compresionDeCeros="true">(8) 17 </linea>
			<linea fila="47" compresionDeCeros="true">(9) 5 </linea>
			<linea fila="46" compresionDeCeros="true">(10) 29 </linea>
			<linea fila="45" compresionDeCeros="true">(11) 41 </linea>
			<linea fila="44" compresionDeCeros="true">(12) 5 </linea>
			<linea fila="43" compresionDeCeros="true">(13) 37 </linea>
			<linea fila="42" compresionDeCeros="true">(14) 29 </linea>
			<linea fila="41" compresionDeCeros="true">(15) 39 </linea>
			<linea fila="40" compresionDeCeros="true">(16) 14 </linea>
			<linea fila="39" compresionDeCeros="true">(17) 1 </linea>
			<linea fila="38" compresionDeCeros="true">(18) 7 </linea>
			<linea fila="37" compresionDeCeros="true">(19) 14 </linea>
			<linea fila="36" compresionDeCeros="true">(20) 26 </linea>
			<linea fila="35" compresionDeCeros="true">(21) 6 </linea>
			<linea fila="34" compresionDeCeros="true">(22) 20 </linea>
			<linea fila="33" compresionDeCeros="true">(23) 8 </linea>
			<linea fila="32" compresionDeCeros="true">(24) 13 </linea>
			<linea fila="31" compresionDeCeros="true">(25) 9 </linea>
			<linea fila="30" compresionDeCeros="true">(26) 14 </linea>
			<linea fila="29" compresionDeCeros="true">(27) 25 </linea>
			<linea fila="28" compresionDeCeros="true">(28) 10 </linea>
			<linea fila="27" compresionDeCeros="true">(29) 26 </linea>
			<linea fila="26" compresionDeCeros="true">(30) 10 </linea>
			<linea fila="25" compresionDeCeros="true">(31) 17 </linea>
			<linea fila="24" compresionDeCeros="true">(32) 6 </linea>
			<linea fila="23" compresionDeCeros="true">(33) 20 </linea>
			<linea fila="22" compresionDeCeros="true">(34) 33 </linea>
			<linea fila="21" compresionDeCeros="true">(35) 34 </linea>
			<linea fila="20" compresionDeCeros="true">(36) 15 </linea>
			<linea fila="19" compresionDeCeros="true">(37) 4 </linea>
			<linea fila="18" compresionDeCeros="true">(38) 1 </linea>
			<linea fila="17" compresionDeCeros="true">(39) 15 </linea>
			<linea fila="16" compresionDeCeros="true">(40) 23 </linea>
			<linea fila="15" compresionDeCeros="true">(41) 8 </linea>
			<linea fila="14" compresionDeCeros="true">(42) 13 </linea>
			<linea fila="13" compresionDeCeros="true">(43) 8 </linea>
			<linea fila="12" compresionDeCeros="true">(44) 6 </linea>
			<linea fila="11" compresionDeCeros="true">(45) 35 </linea>
			<linea fila="10" compresionDeCeros="true">(46) 33 </linea>
			<linea fila="9" compresionDeCeros="true">(47) 14 </linea>
			<linea fila="8" compresionDeCeros="true">(48) 6 </linea>
			<linea fila="7" compresionDeCeros="true">(49) 40 </linea>
			<linea fila="6" compresionDeCeros="true">(50) 10 </linea>
			<linea fila="5" compresionDeCeros="true">(51) 3 </linea>
			<linea fila="4" compresionDeCeros="true">(52) 17 </linea>
			<linea fila="3" compresionDeCeros="true">(53) 30 </linea>
			<linea fila="2" compresionDeCeros="true">(54) 27 </linea>
			<linea fila="1" compresionDeCeros="true">(55) 31 </linea>
		</mundo>
	</mundos>
	<programas>
		<programa nombre="p1" resultadoEjecucion="FIN PROGRAMA"/>
	</programas>
</resultados>

