<resultados>
	<mundos>
		<mundo nombre="mundo_0">
			<linea fila="100" compresionDeCeros="true">(1) 9 </linea>
			<linea fila="99" compresionDeCeros="true">(2) 6 </linea>
			<linea fila="98" compresionDeCeros="true">(3) 33 </linea>
			<linea fila="97" compresionDeCeros="true">(4) 62 </linea>
			<linea fila="96" compresionDeCeros="true">(5) 11 </linea>
			<linea fila="95" compresionDeCeros="true">(6) 88 </linea>
			<linea fila="94" compresionDeCeros="true">(7) 9 </linea>
			<linea fila="93" compresionDeCeros="true">(8) 21 </linea>
			<linea fila="92" compresionDeCeros="true">(9) 58 </linea>
			<linea fila="91" compresionDeCeros="true">(10) 42 </linea>
			<linea fila="90" compresionDeCeros="true">(11) 67 </linea>
			<linea fila="89" compresionDeCeros="true">(12) 31 </linea>
			<linea fila="88" compresionDeCeros="true">(13) 5 </linea>
			<linea fila="87" compresionDeCeros="true">(14) 86 </linea>
			<linea fila="86" compresionDeCeros="true">(15) 51 </linea>
			<linea fila="85" compresionDeCeros="true">(16) 83 </linea>
			<linea fila="84" compresionDeCeros="true">(17) 83 </linea>
			<linea fila="83" compresionDeCeros="true">(18) 77 </linea>
			<linea fila="82" compresionDeCeros="true">(19) 14 </linea>
			<linea fila="81" compresionDeCeros="true">(20) 53 </linea>
			<linea fila="80" compresionDeCeros="true">(21) 33 </linea>
			<linea fila="79" compresionDeCeros="true">(22) 52 </linea>
			<linea fila="78" compresionDeCeros="true">(23) 6 </linea>
			<linea fila="77" compresionDeCeros="true">(24) 11 </linea>
			<linea fila="76" compresionDeCeros="true">(25) 40 </linea>
			<linea fila="75" compresionDeCeros="true">(26) 24 </linea>
			<linea fila="74" compresionDeCeros="true">(27) 53 </linea>
			<linea fila="73" compresionDeCeros="true">(28) 68 </linea>
			<linea fila="72" compresionDeCeros="true">(29) 3 </linea>
			<linea fila="71" compresionDeCeros="true">(30) 18 </linea>
			<linea fila="70" compresionDeCeros="true">(31) 30 </linea>
			<linea fila="69" compresionDeCeros="true">(32) 26 </linea>
			<linea fila="68" compresionDeCeros="true">(33) 35 </linea>
			<linea fila="67" compresionDeCeros="true">(34) 7 </linea>
			<linea fila="66" compresionDeCeros="true">(35) 56 </linea>
			<linea fila="65" compresionDeCeros="true">(36) 22 </linea>
			<linea fila="64" compresionDeCeros="true">(37) 20 </linea>
			<linea fila="63" compresionDeCeros="true">(38) 18 </linea>
			<linea fila="62" compresionDeCeros="true">(39) 51 </linea>
			<linea fila="61" compresionDeCeros="true">(40) 37 </linea>
			<linea fila="60" compresionDeCeros="true">(41) 27 </linea>
			<linea fila="59" compresionDeCeros="true">(42) 58 </linea>
			<linea fila="58" compresionDeCeros="true">(43) 9 </linea>
			<linea fila="57" compresionDeCeros="true">(44) 32 </linea>
			<linea fila="56" compresionDeCeros="true">(45) 6 </linea>
			<linea fila="55" compresionDeCeros="true">(46) 42 </linea>
			<linea fila="54" compresionDeCeros="true">(47) 30 </linea>
			<linea fila="53" compresionDeCeros="true">(48) 43 </linea>
			<linea fila="52" compresionDeCeros="true">(49) 13 </linea>
			<linea fila="50" compresionDeCeros="true">(51) 33 </linea>
			<linea fila="49" compresionDeCeros="true">(52) 31 </linea>
			<linea fila="48" compresionDeCeros="true">(53) 6 </linea>
			<linea fila="47" compresionDeCeros="true">(54) 15 </linea>
			<linea fila="46" compresionDeCeros="true">(55) 33 </linea>
			<linea fila="45" compresionDeCeros="true">(56) 7 </linea>
			<linea fila="44" compresionDeCeros="true">(57) 38 </linea>
			<linea fila="43" compresionDeCeros="true">(58) 19 </linea>
			<linea fila="42" compresionDeCeros="true">(59) 8 </linea>
			<linea fila="41" compresionDeCeros="true">(60) 30 </linea>
			<linea fila="40" compresionDeCeros="true">(61) 5 </linea>
			<linea fila="39" compresionDeCeros="true">(62) 51 </linea>
			<linea fila="38" compresionDeCeros="true">(63) 9 </linea>
			<linea fila="37" compresionDeCeros="true">(64) 44 </linea>
			<linea fila="36" compresionDeCeros="true">(65) 3 </linea>
			<linea fila="35" compresionDeCeros="true">(66) 14 </linea>
			<linea fila="34" compresionDeCeros="true">(67) 45 </linea>
			<linea fila="33" compresionDeCeros="true">(68) 32 </linea>
			<linea fila="32" compresionDeCeros="true">(69) 65 </linea>
			<linea fila="31" compresionDeCeros="true">(70) 67 </linea>
			<linea fila="30" compresionDeCeros="true">(71) 60 </linea>
			<linea fila="29" compresionDeCeros="true">(72) 37 </linea>
			<linea fila="28" compresionDeCeros="true">(73) 34 </linea>
			<linea fila="27" compresionDeCeros="true">(74) 16 </linea>
			<linea fila="26" compresionDeCeros="true">(75) 66 </linea>
			<linea fila="25" compresionDeCeros="true">(76) 13 </linea>
			<linea fila="24" compresionDeCeros="true">(77) 52 </linea>
			<linea fila="23" compresionDeCeros="true">(78) 20 </linea>
			<linea fila="22" compresionDeCeros="true">(79) 15 </linea>
			<linea fila="21" compresionDeCeros="true">(80) 16 </linea>
			<linea fila="20" compresionDeCeros="true">(81) 13 </linea>
			<linea fila="19" compresionDeCeros="true">(82) 79 </linea>
			<linea fila="18" compresionDeCeros="true">(83) 31 </linea>
			<linea fila="17" compresionDeCeros="true">(84) 11 </linea>
			<linea fila="16" compresionDeCeros="true">(85) 79 </linea>
			<linea fila="15" compresionDeCeros="true">(86) 55 </linea>
			<linea fila="14" compresionDeCeros="true">(87) 35 </linea>
			<linea fila="13" compresionDeCeros="true">(88) 26 </linea>
			<linea fila="12" compresionDeCeros="true">(89) 17 </linea>
			<linea fila="11" compresionDeCeros="true">(90) 4 </linea>
			<linea fila="10" compresionDeCeros="true">(91) 30 </linea>
			<linea fila="9" compresionDeCeros="true">(92) 67 </linea>
			<linea fila="8" compresionDeCeros="true">(93) 81 </linea>
			<linea fila="7" compresionDeCeros="true">(94) 41 </linea>
			<linea fila="6" compresionDeCeros="true">(95) 4 </linea>
			<linea fila="5" compresionDeCeros="true">(96) 41 </linea>
			<linea fila="4" compresionDeCeros="true">(97) 1 </linea>
			<linea fila="3" compresionDeCeros="true">(98) 91 </linea>
			<linea fila="2" compresionDeCeros="true">(99) 20 </linea>
			<linea fila="1" compresionDeCeros="true">(100) 35 </linea>
		</mundo>
	</mundos>
	<programas>
		<programa nombre="p1" resultadoEjecucion="FIN PROGRAMA"/>
	</programas>
</resultados>

