<resultados>
	<mundos>
		<mundo nombre="mundo_0">
			<linea fila="15" compresionDeCeros="true">(1) 13 </linea>
			<linea fila="14" compresionDeCeros="true">(2) 12 </linea>
			<linea fila="13" compresionDeCeros="true">(3) 1 </linea>
			<linea fila="12" compresionDeCeros="true">(4) 8 </linea>
			<linea fila="11" compresionDeCeros="true">(5) 4 </linea>
			<linea fila="10" compresionDeCeros="true">(6) 7 </linea>
			<linea fila="9" compresionDeCeros="true">(7) 5 </linea>
			<linea fila="8" compresionDeCeros="true">(8) 3 </linea>
			<linea fila="7" compresionDeCeros="true">(9) 1 </linea>
			<linea fila="6" compresionDeCeros="true">(10) 2 </linea>
			<linea fila="5" compresionDeCeros="true">(11) 2 </linea>
			<linea fila="4" compresionDeCeros="true">(12) 9 </linea>
			<linea fila="3" compresionDeCeros="true">(13) 1 </linea>
			<linea fila="2" compresionDeCeros="true">(14) 3 </linea>
			<linea fila="1" compresionDeCeros="true">(15) 12 </linea>
		</mundo>
	</mundos>
	<programas>
		<programa nombre="p1" resultadoEjecucion="FIN PROGRAMA"/>
	</programas>
</resultados>

