<resultados>
	<mundos>
		<mundo nombre="mundo_0">
			<linea fila="36" compresionDeCeros="true">(1) 16 </linea>
			<linea fila="35" compresionDeCeros="true">(2) 25 </linea>
			<linea fila="34" compresionDeCeros="true">(3) 10 </linea>
			<linea fila="33" compresionDeCeros="true">(4) 7 </linea>
			<linea fila="32" compresionDeCeros="true">(5) 17 </linea>
			<linea fila="31" compresionDeCeros="true">(6) 8 </linea>
			<linea fila="30" compresionDeCeros="true">(7) 3 </linea>
			<linea fila="29" compresionDeCeros="true">(8) 3 </linea>
			<linea fila="28" compresionDeCeros="true">(9) 26 </linea>
			<linea fila="27" compresionDeCeros="true">(10) 8 </linea>
			<linea fila="26" compresionDeCeros="true">(11) 2 </linea>
			<linea fila="25" compresionDeCeros="true">(12) 10 </linea>
			<linea fila="24" compresionDeCeros="true">(13) 2 </linea>
			<linea fila="23" compresionDeCeros="true">(14) 2 </linea>
			<linea fila="22" compresionDeCeros="true">(15) 19 </linea>
			<linea fila="21" compresionDeCeros="true">(16) 9 </linea>
			<linea fila="20" compresionDeCeros="true">(17) 9 </linea>
			<linea fila="19" compresionDeCeros="true">(18) 9 </linea>
			<linea fila="17" compresionDeCeros="true">(20) 9 </linea>
			<linea fila="16" compresionDeCeros="true">(21) 14 </linea>
			<linea fila="15" compresionDeCeros="true">(22) 8 </linea>
			<linea fila="14" compresionDeCeros="true">(23) 10 </linea>
			<linea fila="13" compresionDeCeros="true">(24) 11 </linea>
			<linea fila="12" compresionDeCeros="true">(25) 6 </linea>
			<linea fila="11" compresionDeCeros="true">(26) 10 </linea>
			<linea fila="10" compresionDeCeros="true">(27) 11 </linea>
			<linea fila="9" compresionDeCeros="true">(28) 8 </linea>
			<linea fila="8" compresionDeCeros="true">(29) 13 </linea>
			<linea fila="7" compresionDeCeros="true">(30) 9 </linea>
			<linea fila="6" compresionDeCeros="true">(31) 3 </linea>
			<linea fila="5" compresionDeCeros="true">(32) 31 </linea>
			<linea fila="4" compresionDeCeros="true">(33) 2 </linea>
			<linea fila="3" compresionDeCeros="true">(34) 18 </linea>
			<linea fila="2" compresionDeCeros="true">(35) 34 </linea>
			<linea fila="1" compresionDeCeros="true">(36) 24 </linea>
		</mundo>
	</mundos>
	<programas>
		<programa nombre="p1" resultadoEjecucion="FIN PROGRAMA"/>
	</programas>
</resultados>

