<resultados>
	<mundos>
		<mundo nombre="mundo_0">
			<linea fila="98" compresionDeCeros="true">(1) 12 12 </linea>
			<linea fila="96" compresionDeCeros="true">(1) 38 35 38 </linea>
			<linea fila="95" compresionDeCeros="true">(1) 24 23 23 23 25 23 25 23 </linea>
			<linea fila="92" compresionDeCeros="true">(1) 24 20 </linea>
			<linea fila="90" compresionDeCeros="true">(1) 44 42 </linea>
			<linea fila="89" compresionDeCeros="true">(1) 40 43 43 42 43 42 </linea>
			<linea fila="87" compresionDeCeros="true">(1) 50 47 47 51 48 </linea>
			<linea fila="85" compresionDeCeros="true">(1) 17 14 13 14 17 13 </linea>
			<linea fila="84" compresionDeCeros="true">(1) 31 32 32 32 32 </linea>
			<linea fila="76" compresionDeCeros="true">(1) 41 41 </linea>
			<linea fila="74" compresionDeCeros="true">(1) 20 20 </linea>
			<linea fila="71" compresionDeCeros="true">(1) 16 19 15 18 18 </linea>
			<linea fila="70" compresionDeCeros="true">(1) 22 20 20 21 </linea>
			<linea fila="69" compresionDeCeros="true">(1) 14 14 14 14 14 14 14 14 14 </linea>
			<linea fila="66" compresionDeCeros="true">(1) 34 34 </linea>
			<linea fila="63" compresionDeCeros="true">(1) 5 8 8 7 8 4 </linea>
			<linea fila="61" compresionDeCeros="true">(1) 16 16 17 17 </linea>
			<linea fila="57" compresionDeCeros="true">(1) 23 24 23 23 23 24 23 23 23 24 </linea>
			<linea fila="56" compresionDeCeros="true">(1) 20 20 </linea>
			<linea fila="55" compresionDeCeros="true">(1) 48 46 48 44 48 </linea>
			<linea fila="50" compresionDeCeros="true">(1) 43 42 42 42 43 43 43 </linea>
			<linea fila="49" compresionDeCeros="true">(1) 34 34 35 35 35 35 </linea>
			<linea fila="45" compresionDeCeros="true">(1) 12 10 13 10 9 13 </linea>
			<linea fila="43" compresionDeCeros="true">(1) 50 51 </linea>
			<linea fila="42" compresionDeCeros="true">(1) 2 2 2 2 2 2 2 2 2 </linea>
			<linea fila="41" compresionDeCeros="true">(1) 48 49 49 49 46 </linea>
			<linea fila="39" compresionDeCeros="true">(1) 36 38 </linea>
			<linea fila="38" compresionDeCeros="true">(1) 35 34 34 35 35 34 35 34 35 </linea>
			<linea fila="29" compresionDeCeros="true">(1) 50 52 52 53 51 51 51 </linea>
			<linea fila="28" compresionDeCeros="true">(1) 33 33 </linea>
			<linea fila="22" compresionDeCeros="true">(1) 17 15 14 </linea>
			<linea fila="21" compresionDeCeros="true">(1) 25 24 22 </linea>
			<linea fila="19" compresionDeCeros="true">(1) 4 2 2 1 5 2 2 3 2 </linea>
			<linea fila="16" compresionDeCeros="true">(1) 35 34 35 </linea>
			<linea fila="15" compresionDeCeros="true">(1) 21 21 21 21 21 21 21 21 21 21 </linea>
			<linea fila="14" compresionDeCeros="true">(1) 9 11 </linea>
			<linea fila="13" compresionDeCeros="true">(1) 24 25 27 24 </linea>
			<linea fila="12" compresionDeCeros="true">(1) 40 41 42 40 42 40 39 40 40 </linea>
			<linea fila="7" compresionDeCeros="true">(1) 19 17 </linea>
			<linea fila="6" compresionDeCeros="true">(1) 11 10 9 12 8 </linea>
			<linea fila="4" compresionDeCeros="true">(1) 23 24 23 </linea>
			<linea fila="2" compresionDeCeros="true">(1) 16 15 15 16 15 16 15 16 </linea>
			<linea fila="1" compresionDeCeros="true">(1) 4 5 5 5 </linea>
		</mundo>
	</mundos>
	<programas>
		<programa nombre="p1" resultadoEjecucion="FIN PROGRAMA"/>
	</programas>
</resultados>

