<resultados>
	<mundos>
		<mundo nombre="mundo_0">
			<linea fila="35" compresionDeCeros="true">(1) 27 27 27 27 27 27 28 28 27 28 28 27 28 27 28 27 27 27 27 28 28 28 27 27 28 </linea>
			<linea fila="33" compresionDeCeros="true">(1) 39 39 41 38 38 41 40 38 38 41 41 38 40 41 39 38 41 40 41 </linea>
			<linea fila="29" compresionDeCeros="true">(1) 16 13 15 13 13 13 15 15 13 13 13 16 15 14 13 16 13 15 14 14 13 15 16 13 16 15 13 14 14 14 16 16 13 16 16 13 13 14 15 16 16 15 14 </linea>
			<linea fila="28" compresionDeCeros="true">(1) 14 14 13 14 13 13 14 14 14 13 14 13 14 13 13 13 14 13 14 14 14 13 13 13 13 14 14 13 13 13 14 13 13 </linea>
			<linea fila="27" compresionDeCeros="true">(1) 37 40 37 39 38 38 41 37 37 40 40 40 40 41 39 38 39 39 39 38 37 37 37 41 40 38 41 40 37 40 37 38 40 39 41 39 40 38 40 40 40 37 38 40 </linea>
			<linea fila="24" compresionDeCeros="true">(1) 7 5 7 6 6 6 5 5 5 5 5 6 6 7 6 7 </linea>
			<linea fila="22" compresionDeCeros="true">(1) 17 16 </linea>
			<linea fila="13" compresionDeCeros="true">(1) 39 37 39 37 37 38 37 38 38 38 38 37 39 38 37 37 38 37 39 </linea>
			<linea fila="10" compresionDeCeros="true">(1) 7 7 8 8 8 8 7 7 7 7 7 8 7 8 8 7 8 8 7 7 7 8 8 7 7 8 7 8 8 8 8 7 8 7 8 7 8 7 8 8 8 8 8 </linea>
			<linea fila="9" compresionDeCeros="true">(1) 22 22 22 22 22 22 22 22 22 22 22 22 22 22 22 22 </linea>
			<linea fila="7" compresionDeCeros="true">(1) 8 8 8 8 8 8 8 8 8 </linea>
			<linea fila="6" compresionDeCeros="true">(1) 29 29 28 27 28 27 28 27 28 28 26 29 26 27 27 28 28 26 26 28 26 29 26 29 29 26 28 29 26 26 29 26 27 26 27 28 27 26 26 29 29 27 29 27 28 29 </linea>
			<linea fila="4" compresionDeCeros="true">(1) 13 13 </linea>
			<linea fila="2" compresionDeCeros="true">(1) 16 15 14 16 14 14 14 15 15 13 13 13 15 14 15 14 14 13 16 14 15 14 15 16 15 16 </linea>
			<linea fila="1" compresionDeCeros="true">(1) 22 22 22 23 23 20 23 23 23 20 20 20 21 20 21 24 23 20 20 20 22 21 20 24 20 22 23 22 24 </linea>
		</mundo>
	</mundos>
	<programas>
		<programa nombre="p1" resultadoEjecucion="FIN PROGRAMA"/>
	</programas>
</resultados>

