<resultados>
	<mundos>
		<mundo nombre="mundo_0">
			<linea fila="48" compresionDeCeros="true">(1) 18 18 20 18 20 19 18 19 19 19 19 20 19 19 18 20 19 18 18 18 18 19 19 18 19 20 18 18 19 20 20 18 18 18 </linea>
			<linea fila="47" compresionDeCeros="true">(1) 48 48 48 48 48 48 48 48 48 48 48 48 48 48 48 48 48 48 48 48 48 48 48 48 48 48 48 48 48 </linea>
			<linea fila="46" compresionDeCeros="true">(1) 8 9 6 10 8 </linea>
			<linea fila="45" compresionDeCeros="true">(1) 36 36 36 36 36 36 36 36 36 36 36 36 36 36 36 36 36 36 36 36 36 36 36 36 36 36 36 36 36 36 36 36 36 36 36 36 36 36 36 36 36 36 36 36 36 36 36 </linea>
			<linea fila="44" compresionDeCeros="true">(1) 49 50 50 50 50 50 50 50 50 50 50 49 50 49 49 49 50 50 49 49 50 49 50 49 49 49 49 49 </linea>
			<linea fila="43" compresionDeCeros="true">(1) 24 25 24 25 25 24 25 25 24 25 25 24 </linea>
			<linea fila="40" compresionDeCeros="true">(1) 38 38 38 38 38 38 38 38 38 38 38 38 38 38 38 38 38 38 38 38 38 38 38 38 38 38 38 38 38 38 38 38 38 38 38 38 38 38 38 38 38 38 38 38 38 </linea>
			<linea fila="39" compresionDeCeros="true">(1) 27 27 28 27 28 28 28 28 </linea>
			<linea fila="38" compresionDeCeros="true">(1) 51 51 50 50 49 50 51 51 50 51 51 51 49 49 50 49 49 50 49 50 50 51 49 50 51 49 49 49 50 50 51 50 51 49 50 49 49 51 49 51 49 50 49 51 51 50 50 49 </linea>
			<linea fila="37" compresionDeCeros="true">(1) 37 37 37 38 37 37 37 38 38 38 38 38 37 38 38 37 38 37 37 38 38 38 37 38 37 37 37 38 38 38 38 37 38 37 37 37 38 37 37 37 37 37 37 37 37 </linea>
			<linea fila="35" compresionDeCeros="true">(1) 11 9 9 8 10 8 12 8 8 10 12 11 8 </linea>
			<linea fila="34" compresionDeCeros="true">(1) 26 24 22 26 26 24 25 23 25 23 23 25 26 22 26 23 23 26 24 22 24 25 25 23 26 22 26 23 25 23 23 25 </linea>
			<linea fila="33" compresionDeCeros="true">(1) 13 11 14 12 12 13 15 14 11 14 15 11 12 15 11 15 11 14 15 11 11 14 14 14 12 12 14 11 11 15 12 12 </linea>
			<linea fila="32" compresionDeCeros="true">(1) 47 43 45 45 46 44 46 46 43 43 43 43 45 43 45 44 43 46 44 45 43 45 46 47 </linea>
			<linea fila="31" compresionDeCeros="true">(1) 49 49 48 49 48 49 49 49 49 48 49 48 49 49 49 48 49 48 48 49 48 48 49 49 49 48 48 49 </linea>
			<linea fila="30" compresionDeCeros="true">(1) 16 13 14 16 13 14 16 15 14 13 13 16 15 15 14 14 16 15 13 14 14 13 16 14 13 13 </linea>
			<linea fila="26" compresionDeCeros="true">(1) 15 15 15 17 15 17 15 17 16 16 17 17 15 17 16 16 15 17 17 16 15 15 15 16 17 15 15 15 16 17 17 16 17 15 16 17 16 17 15 15 15 17 15 17 17 </linea>
			<linea fila="25" compresionDeCeros="true">(1) 19 19 18 18 18 19 19 18 19 18 18 19 18 18 19 19 18 19 19 18 18 19 18 19 18 19 18 18 18 19 18 </linea>
			<linea fila="24" compresionDeCeros="true">(1) 12 13 13 12 11 13 13 11 11 11 12 11 14 14 14 14 12 14 13 14 14 13 12 13 14 13 11 13 14 13 13 13 13 13 13 13 13 11 13 13 </linea>
			<linea fila="23" compresionDeCeros="true">(1) 8 8 8 8 8 8 8 8 8 8 8 8 8 8 8 8 8 8 8 8 8 8 8 8 8 8 8 8 8 8 8 8 8 8 8 8 8 8 8 8 8 8 8 8 </linea>
			<linea fila="21" compresionDeCeros="true">(1) 24 23 23 24 24 25 25 25 24 24 23 22 23 23 24 25 24 25 22 23 22 24 24 23 25 24 23 25 25 25 25 23 25 22 24 25 </linea>
			<linea fila="20" compresionDeCeros="true">(1) 33 32 33 33 32 32 33 32 33 33 33 32 33 32 33 32 32 32 33 32 33 33 32 32 32 33 33 32 33 32 33 33 33 32 32 32 33 32 32 33 32 33 32 32 33 32 32 32 33 32 </linea>
			<linea fila="19" compresionDeCeros="true">(1) 37 37 36 35 34 35 36 38 </linea>
			<linea fila="18" compresionDeCeros="true">(1) 18 16 </linea>
			<linea fila="17" compresionDeCeros="true">(1) 7 7 7 7 7 7 7 7 7 7 7 7 7 </linea>
			<linea fila="15" compresionDeCeros="true">(1) 2 3 3 3 5 5 5 5 3 2 3 5 4 4 3 5 5 2 1 2 1 1 4 5 3 3 2 4 3 2 3 5 1 4 5 2 1 2 4 4 1 </linea>
			<linea fila="13" compresionDeCeros="true">(1) 10 11 10 11 10 11 11 10 11 </linea>
			<linea fila="12" compresionDeCeros="true">(1) 4 5 5 4 4 5 5 4 2 2 3 3 2 5 2 5 4 3 5 5 2 4 5 4 4 5 5 3 3 3 2 5 2 2 5 2 3 4 3 3 4 3 2 4 </linea>
			<linea fila="10" compresionDeCeros="true">(1) 38 38 37 38 37 37 39 37 39 37 37 39 37 38 38 39 37 38 39 39 38 37 38 37 </linea>
			<linea fila="8" compresionDeCeros="true">(1) 42 40 42 42 40 43 42 43 42 43 41 43 40 42 43 43 </linea>
			<linea fila="7" compresionDeCeros="true">(1) 48 47 47 48 47 48 47 48 47 46 47 46 46 47 46 46 46 48 47 46 47 48 47 48 47 </linea>
			<linea fila="6" compresionDeCeros="true">(1) 7 6 7 8 6 7 7 8 7 8 7 7 6 8 8 6 8 7 7 6 6 8 8 7 8 7 7 8 7 6 7 </linea>
			<linea fila="5" compresionDeCeros="true">(1) 8 8 8 8 8 8 8 </linea>
			<linea fila="2" compresionDeCeros="true">(1) 27 28 26 29 25 26 27 26 28 28 25 28 26 29 25 29 26 27 26 25 25 28 29 27 25 27 25 28 29 25 27 25 28 28 28 27 26 26 29 29 25 </linea>
			<linea fila="1" compresionDeCeros="true">(1) 37 38 39 38 39 40 39 40 37 38 40 39 39 39 39 40 37 40 39 38 37 40 37 38 38 40 38 38 38 38 40 37 37 38 40 40 </linea>
		</mundo>
	</mundos>
	<programas>
		<programa nombre="p1" resultadoEjecucion="FIN PROGRAMA"/>
	</programas>
</resultados>

