<resultados>
	<mundos>
		<mundo nombre="mundo_0">
			<linea fila="52" compresionDeCeros="true">(1) 16 15 16 16 16 16 15 15 15 15 16 15 15 15 16 15 16 15 15 15 15 16 15 15 16 15 16 15 16 15 15 16 16 16 15 16 16 16 16 16 16 16 16 15 15 15 15 </linea>
			<linea fila="50" compresionDeCeros="true">(1) 39 39 39 39 39 39 39 39 39 39 39 39 39 39 39 39 39 39 39 </linea>
			<linea fila="49" compresionDeCeros="true">(1) 30 30 29 29 30 29 31 29 31 29 31 29 30 31 31 28 28 29 29 28 31 30 29 28 29 28 </linea>
			<linea fila="47" compresionDeCeros="true">(1) 18 18 18 17 16 15 18 16 17 15 17 14 15 18 14 18 17 16 14 14 14 16 17 15 14 16 16 14 14 16 16 17 14 16 14 15 16 16 14 18 17 14 15 14 </linea>
			<linea fila="46" compresionDeCeros="true">(1) 16 17 17 17 19 15 16 17 15 15 15 </linea>
			<linea fila="45" compresionDeCeros="true">(1) 33 31 33 32 32 30 32 30 33 31 29 29 29 32 32 33 30 31 33 30 32 33 30 32 33 31 32 33 30 33 </linea>
			<linea fila="44" compresionDeCeros="true">(1) 34 34 34 34 34 34 34 34 34 34 34 34 34 34 34 34 34 34 34 34 34 34 34 34 34 34 34 34 34 34 34 34 34 34 34 34 34 34 34 34 34 34 34 34 34 34 </linea>
			<linea fila="43" compresionDeCeros="true">(1) 48 50 49 50 49 50 50 49 49 49 48 48 50 50 48 48 48 48 49 49 48 50 50 50 49 49 50 49 50 49 50 50 48 49 49 49 50 48 48 50 49 </linea>
			<linea fila="42" compresionDeCeros="true">(1) 27 27 31 30 30 30 28 30 30 28 30 29 30 29 29 31 28 28 29 30 28 31 27 27 29 31 29 </linea>
			<linea fila="41" compresionDeCeros="true">(1) 44 45 45 45 45 45 44 44 44 44 44 44 45 44 45 44 45 45 44 44 45 44 44 44 45 45 45 44 45 45 44 45 45 </linea>
			<linea fila="40" compresionDeCeros="true">(1) 30 30 30 30 30 30 30 30 30 30 30 30 30 30 30 30 30 </linea>
			<linea fila="39" compresionDeCeros="true">(1) 18 14 16 18 17 18 18 16 15 15 15 16 16 14 14 15 16 18 17 17 16 </linea>
			<linea fila="38" compresionDeCeros="true">(1) 41 40 38 42 41 40 40 39 39 38 38 38 38 41 39 39 </linea>
			<linea fila="34" compresionDeCeros="true">(1) 35 34 35 35 34 34 34 34 35 35 34 34 34 34 35 34 35 34 34 34 34 34 35 34 35 35 34 35 35 35 35 35 34 34 35 34 34 </linea>
			<linea fila="33" compresionDeCeros="true">(1) 9 10 9 8 9 10 9 10 9 9 8 12 12 11 12 10 9 </linea>
			<linea fila="31" compresionDeCeros="true">(1) 18 19 19 20 18 </linea>
			<linea fila="30" compresionDeCeros="true">(1) 48 45 48 48 46 47 48 48 44 46 44 </linea>
			<linea fila="29" compresionDeCeros="true">(1) 6 7 6 7 6 6 6 6 6 6 6 6 7 6 7 7 7 6 7 6 7 6 6 6 7 7 7 7 6 7 6 7 6 6 6 7 </linea>
			<linea fila="28" compresionDeCeros="true">(1) 49 49 48 49 49 48 48 49 48 48 49 48 48 48 49 48 48 48 49 49 48 48 49 48 48 49 48 49 48 49 48 49 49 49 48 49 48 49 49 49 48 48 </linea>
			<linea fila="27" compresionDeCeros="true">(1) 40 42 41 42 41 41 40 42 40 41 40 42 41 41 40 42 40 40 42 40 42 41 41 40 42 40 42 42 42 42 41 40 40 40 42 42 41 41 40 41 42 42 42 42 42 </linea>
			<linea fila="26" compresionDeCeros="true">(1) 23 23 23 23 21 21 23 22 22 21 21 21 21 23 21 23 23 21 23 21 23 21 22 23 21 23 </linea>
			<linea fila="25" compresionDeCeros="true">(1) 3 6 6 6 6 3 4 4 3 6 5 6 3 4 6 4 6 3 6 5 6 5 4 4 4 5 4 5 5 6 </linea>
			<linea fila="24" compresionDeCeros="true">(1) 22 22 22 22 22 22 22 22 22 22 22 22 22 22 22 22 22 22 22 22 22 22 22 22 22 22 22 22 22 22 22 22 22 22 22 22 22 22 22 22 22 22 22 </linea>
			<linea fila="23" compresionDeCeros="true">(1) 11 13 13 14 12 14 </linea>
			<linea fila="21" compresionDeCeros="true">(1) 6 3 5 5 5 6 6 6 4 3 3 6 3 3 5 7 4 7 6 7 4 7 4 6 5 7 5 3 6 4 4 7 4 3 3 </linea>
			<linea fila="20" compresionDeCeros="true">(1) 21 22 21 22 21 21 21 22 21 21 21 22 21 21 22 21 21 21 22 22 22 22 21 21 21 22 21 21 22 22 22 22 21 22 21 21 </linea>
			<linea fila="19" compresionDeCeros="true">(1) 12 14 15 11 </linea>
			<linea fila="18" compresionDeCeros="true">(1) 12 13 13 13 12 13 13 12 12 13 12 13 12 13 12 13 12 13 12 13 13 13 12 13 13 13 12 13 13 13 13 12 12 13 12 12 12 12 </linea>
			<linea fila="17" compresionDeCeros="true">(1) 10 10 10 10 10 10 10 10 10 10 </linea>
			<linea fila="16" compresionDeCeros="true">(1) 31 35 32 32 35 31 35 32 35 35 35 33 31 31 31 34 31 33 33 35 34 34 32 32 31 31 </linea>
			<linea fila="15" compresionDeCeros="true">(1) 6 6 6 7 7 6 6 6 7 6 6 </linea>
			<linea fila="14" compresionDeCeros="true">(1) 16 17 17 18 16 17 16 16 16 18 17 17 18 18 18 17 17 17 16 16 17 17 18 16 18 16 16 16 16 17 18 16 18 17 16 16 </linea>
			<linea fila="13" compresionDeCeros="true">(1) 10 10 10 10 10 10 10 10 10 10 10 10 10 10 10 10 10 10 10 10 10 10 10 10 10 10 10 10 </linea>
			<linea fila="10" compresionDeCeros="true">(1) 17 15 16 15 15 16 15 15 16 15 15 15 15 16 15 15 15 15 17 15 15 16 15 15 16 16 17 16 16 16 </linea>
			<linea fila="9" compresionDeCeros="true">(1) 18 16 17 16 16 17 15 16 17 18 19 17 15 17 18 </linea>
			<linea fila="8" compresionDeCeros="true">(1) 30 31 33 33 30 32 32 32 33 33 30 33 33 32 32 33 32 33 32 30 30 30 32 33 32 33 30 31 32 32 32 32 </linea>
			<linea fila="7" compresionDeCeros="true">(1) 17 19 17 18 17 17 19 17 19 17 17 19 17 18 18 19 19 19 17 17 19 18 19 18 18 </linea>
			<linea fila="6" compresionDeCeros="true">(1) 6 6 7 7 </linea>
			<linea fila="5" compresionDeCeros="true">(1) 11 12 13 11 11 13 11 14 14 11 13 14 10 13 11 11 11 13 13 10 12 10 11 10 14 12 11 11 12 </linea>
			<linea fila="4" compresionDeCeros="true">(1) 21 21 21 21 21 21 21 </linea>
			<linea fila="3" compresionDeCeros="true">(1) 31 31 31 31 31 31 31 31 31 31 31 31 31 31 31 31 31 31 31 31 </linea>
			<linea fila="2" compresionDeCeros="true">(1) 15 15 15 15 15 15 15 15 15 15 15 15 15 15 15 15 15 15 15 15 15 15 15 15 15 15 15 15 15 15 15 15 15 15 15 15 15 15 15 15 15 15 15 </linea>
			<linea fila="1" compresionDeCeros="true">(1) 23 23 23 23 23 23 23 23 23 23 23 23 23 23 23 23 23 23 23 23 23 23 23 23 23 23 23 23 23 23 23 23 23 23 23 23 23 23 23 23 23 </linea>
		</mundo>
	</mundos>
	<programas>
		<programa nombre="p1" resultadoEjecucion="FIN PROGRAMA"/>
	</programas>
</resultados>

