<resultados>
	<mundos>
		<mundo nombre="mundo_0">
			<linea fila="13" compresionDeCeros="true">(13) 8 </linea>
			<linea fila="12" compresionDeCeros="true">(12) 5 15 </linea>
			<linea fila="11" compresionDeCeros="true">(11) 15 8 </linea>
			<linea fila="10" compresionDeCeros="true">(10) 8 5 </linea>
			<linea fila="9" compresionDeCeros="true">(9) 5 15 </linea>
			<linea fila="8" compresionDeCeros="true">(8) 15 8 </linea>
			<linea fila="7" compresionDeCeros="true">(7) 8 5 </linea>
			<linea fila="6" compresionDeCeros="true">(6) 5 15 </linea>
			<linea fila="5" compresionDeCeros="true">(5) 15 8 </linea>
			<linea fila="4" compresionDeCeros="true">(4) 8 5 </linea>
			<linea fila="3" compresionDeCeros="true">(3) 5 15 </linea>
			<linea fila="2" compresionDeCeros="true">(2) 15 8 </linea>
			<linea fila="1" compresionDeCeros="true">(1) 8 5 </linea>
		</mundo>
	</mundos>
	<programas>
		<programa nombre="p1" resultadoEjecucion="FIN PROGRAMA"/>
	</programas>
</resultados>

