<resultados>
	<mundos>
		<mundo nombre="mundo_0">
			<linea fila="20" compresionDeCeros="true">(20) 7 </linea>
			<linea fila="19" compresionDeCeros="true">(19) 7 6 7 </linea>
			<linea fila="18" compresionDeCeros="true">(18) 7 6 5 6 7 </linea>
			<linea fila="17" compresionDeCeros="true">(17) 7 6 5 4 5 6 7 </linea>
			<linea fila="16" compresionDeCeros="true">(16) 7 6 5 4 3 4 5 6 7 </linea>
			<linea fila="15" compresionDeCeros="true">(15) 7 6 5 4 3 2 3 4 5 6 7 </linea>
			<linea fila="14" compresionDeCeros="true">(14) 7 6 5 4 3 2 1 2 3 4 5 6 7 </linea>
			<linea fila="13" compresionDeCeros="true">(13) 7 6 5 4 3 2 1 (21) 1 2 3 4 5 6 7 </linea>
			<linea fila="12" compresionDeCeros="true">(12) 7 6 5 4 3 2 1 (22) 1 2 3 4 5 6 7 </linea>
			<linea fila="11" compresionDeCeros="true">(11) 7 6 5 4 3 2 1 (23) 1 2 3 4 5 6 7 </linea>
			<linea fila="10" compresionDeCeros="true">(10) 7 6 5 4 3 2 1 (24) 1 2 3 4 5 6 7 </linea>
			<linea fila="9" compresionDeCeros="true">(9) 7 6 5 4 3 2 1 (25) 1 2 3 4 5 6 7 </linea>
			<linea fila="8" compresionDeCeros="true">(8) 7 6 5 4 3 2 1 (26) 1 2 3 4 5 6 7 </linea>
			<linea fila="7" compresionDeCeros="true">(7) 7 6 5 4 3 2 1 (27) 1 2 3 4 5 6 7 </linea>
			<linea fila="6" compresionDeCeros="true">(6) 7 6 5 4 3 2 1 (28) 1 2 3 4 5 6 7 </linea>
			<linea fila="5" compresionDeCeros="true">(5) 7 6 5 4 3 2 1 (29) 1 2 3 4 5 6 7 </linea>
			<linea fila="4" compresionDeCeros="true">(4) 7 6 5 4 3 2 1 (30) 1 2 3 4 5 6 7 </linea>
			<linea fila="3" compresionDeCeros="true">(3) 7 6 5 4 3 2 1 (31) 1 2 3 4 5 6 7 </linea>
			<linea fila="2" compresionDeCeros="true">(2) 7 6 5 4 3 2 1 (32) 1 2 3 4 5 6 7 </linea>
			<linea fila="1" compresionDeCeros="true">(1) 7 6 5 4 3 2 1 (33) 1 2 3 4 5 6 7 </linea>
		</mundo>
	</mundos>
	<programas>
		<programa nombre="p1" resultadoEjecucion="FIN PROGRAMA"/>
	</programas>
</resultados>

