<resultados>
	<mundos>
		<mundo nombre="mundo_0">
			<linea fila="43" compresionDeCeros="true">(43) 7 </linea>
			<linea fila="42" compresionDeCeros="true">(42) 7 6 7 </linea>
			<linea fila="41" compresionDeCeros="true">(41) 7 6 5 6 7 </linea>
			<linea fila="40" compresionDeCeros="true">(40) 7 6 5 4 5 6 7 </linea>
			<linea fila="39" compresionDeCeros="true">(39) 7 6 5 4 3 4 5 6 7 </linea>
			<linea fila="38" compresionDeCeros="true">(38) 7 6 5 4 3 2 3 4 5 6 7 </linea>
			<linea fila="37" compresionDeCeros="true">(37) 7 6 5 4 3 2 1 2 3 4 5 6 7 </linea>
			<linea fila="36" compresionDeCeros="true">(36) 7 6 5 4 3 2 1 (44) 1 2 3 4 5 6 7 </linea>
			<linea fila="35" compresionDeCeros="true">(35) 7 6 5 4 3 2 1 (45) 1 2 3 4 5 6 7 </linea>
			<linea fila="34" compresionDeCeros="true">(34) 7 6 5 4 3 2 1 (46) 1 2 3 4 5 6 7 </linea>
			<linea fila="33" compresionDeCeros="true">(33) 7 6 5 4 3 2 1 (47) 1 2 3 4 5 6 7 </linea>
			<linea fila="32" compresionDeCeros="true">(32) 7 6 5 4 3 2 1 (48) 1 2 3 4 5 6 7 </linea>
			<linea fila="31" compresionDeCeros="true">(31) 7 6 5 4 3 2 1 (49) 1 2 3 4 5 6 7 </linea>
			<linea fila="30" compresionDeCeros="true">(30) 7 6 5 4 3 2 1 (50) 1 2 3 4 5 6 7 </linea>
			<linea fila="29" compresionDeCeros="true">(29) 7 6 5 4 3 2 1 (51) 1 2 3 4 5 6 7 </linea>
			<linea fila="28" compresionDeCeros="true">(28) 7 6 5 4 3 2 1 (52) 1 2 3 4 5 6 7 </linea>
			<linea fila="27" compresionDeCeros="true">(27) 7 6 5 4 3 2 1 (53) 1 2 3 4 5 6 7 </linea>
			<linea fila="26" compresionDeCeros="true">(26) 7 6 5 4 3 2 1 (54) 1 2 3 4 5 6 7 </linea>
			<linea fila="25" compresionDeCeros="true">(25) 7 6 5 4 3 2 1 (55) 1 2 3 4 5 6 7 </linea>
			<linea fila="24" compresionDeCeros="true">(24) 7 6 5 4 3 2 1 (56) 1 2 3 4 5 6 7 </linea>
			<linea fila="23" compresionDeCeros="true">(23) 7 6 5 4 3 2 1 (57) 1 2 3 4 5 6 7 </linea>
			<linea fila="22" compresionDeCeros="true">(22) 7 6 5 4 3 2 1 (58) 1 2 3 4 5 6 7 </linea>
			<linea fila="21" compresionDeCeros="true">(21) 7 6 5 4 3 2 1 (59) 1 2 3 4 5 6 7 </linea>
			<linea fila="20" compresionDeCeros="true">(20) 7 6 5 4 3 2 1 (60) 1 2 3 4 5 6 7 </linea>
			<linea fila="19" compresionDeCeros="true">(19) 7 6 5 4 3 2 1 (61) 1 2 3 4 5 6 7 </linea>
			<linea fila="18" compresionDeCeros="true">(18) 7 6 5 4 3 2 1 (62) 1 2 3 4 5 6 7 </linea>
			<linea fila="17" compresionDeCeros="true">(17) 7 6 5 4 3 2 1 (63) 1 2 3 4 5 6 7 </linea>
			<linea fila="16" compresionDeCeros="true">(16) 7 6 5 4 3 2 1 (64) 1 2 3 4 5 6 7 </linea>
			<linea fila="15" compresionDeCeros="true">(15) 7 6 5 4 3 2 1 (65) 1 2 3 4 5 6 7 </linea>
			<linea fila="14" compresionDeCeros="true">(14) 7 6 5 4 3 2 1 (66) 1 2 3 4 5 6 7 </linea>
			<linea fila="13" compresionDeCeros="true">(13) 7 6 5 4 3 2 1 (67) 1 2 3 4 5 6 7 </linea>
			<linea fila="12" compresionDeCeros="true">(12) 7 6 5 4 3 2 1 (68) 1 2 3 4 5 6 7 </linea>
			<linea fila="11" compresionDeCeros="true">(11) 7 6 5 4 3 2 1 (69) 1 2 3 4 5 6 7 </linea>
			<linea fila="10" compresionDeCeros="true">(10) 7 6 5 4 3 2 1 (70) 1 2 3 4 5 6 7 </linea>
			<linea fila="9" compresionDeCeros="true">(9) 7 6 5 4 3 2 1 (71) 1 2 3 4 5 6 7 </linea>
			<linea fila="8" compresionDeCeros="true">(8) 7 6 5 4 3 2 1 (72) 1 2 3 4 5 6 7 </linea>
			<linea fila="7" compresionDeCeros="true">(7) 7 6 5 4 3 2 1 (73) 1 2 3 4 5 6 7 </linea>
			<linea fila="6" compresionDeCeros="true">(6) 7 6 5 4 3 2 1 (74) 1 2 3 4 5 6 7 </linea>
			<linea fila="5" compresionDeCeros="true">(5) 7 6 5 4 3 2 1 (75) 1 2 3 4 5 6 7 </linea>
			<linea fila="4" compresionDeCeros="true">(4) 7 6 5 4 3 2 1 (76) 1 2 3 4 5 6 7 </linea>
			<linea fila="3" compresionDeCeros="true">(3) 7 6 5 4 3 2 1 (77) 1 2 3 4 5 6 7 </linea>
			<linea fila="2" compresionDeCeros="true">(2) 7 6 5 4 3 2 1 (78) 1 2 3 4 5 6 7 </linea>
			<linea fila="1" compresionDeCeros="true">(1) 7 6 5 4 3 2 1 (79) 1 2 3 4 5 6 7 </linea>
		</mundo>
	</mundos>
	<programas>
		<programa nombre="p1" resultadoEjecucion="FIN PROGRAMA"/>
	</programas>
</resultados>

