<resultados>
	<mundos>
		<mundo nombre="mundo_0">
			<linea fila="89" compresionDeCeros="true">(89) 7 </linea>
			<linea fila="88" compresionDeCeros="true">(88) 7 6 7 </linea>
			<linea fila="87" compresionDeCeros="true">(87) 7 6 5 6 7 </linea>
			<linea fila="86" compresionDeCeros="true">(86) 7 6 5 4 5 6 7 </linea>
			<linea fila="85" compresionDeCeros="true">(85) 7 6 5 4 3 4 5 6 7 </linea>
			<linea fila="84" compresionDeCeros="true">(84) 7 6 5 4 3 2 3 4 5 6 7 </linea>
			<linea fila="83" compresionDeCeros="true">(83) 7 6 5 4 3 2 1 2 3 4 5 6 7 </linea>
			<linea fila="82" compresionDeCeros="true">(82) 7 6 5 4 3 2 1 (90) 1 2 3 4 5 6 7 </linea>
			<linea fila="81" compresionDeCeros="true">(81) 7 6 5 4 3 2 1 (91) 1 2 3 4 5 6 7 </linea>
			<linea fila="80" compresionDeCeros="true">(80) 7 6 5 4 3 2 1 (92) 1 2 3 4 5 6 7 </linea>
			<linea fila="79" compresionDeCeros="true">(79) 7 6 5 4 3 2 1 (93) 1 2 3 4 5 6 7 </linea>
			<linea fila="78" compresionDeCeros="true">(78) 7 6 5 4 3 2 1 (94) 1 2 3 4 5 6 7 </linea>
			<linea fila="77" compresionDeCeros="true">(77) 7 6 5 4 3 2 1 (95) 1 2 3 4 5 6 7 </linea>
			<linea fila="76" compresionDeCeros="true">(76) 7 6 5 4 3 2 1 (96) 1 2 3 4 5 6 7 </linea>
			<linea fila="75" compresionDeCeros="true">(75) 7 6 5 4 3 2 1 (97) 1 2 3 4 5 6 7 </linea>
			<linea fila="74" compresionDeCeros="true">(74) 7 6 5 4 3 2 1 (98) 1 2 3 4 5 6 7 </linea>
			<linea fila="73" compresionDeCeros="true">(73) 7 6 5 4 3 2 1 (99) 1 2 3 4 5 6 7 </linea>
			<linea fila="72" compresionDeCeros="true">(72) 7 6 5 4 3 2 1 (100) 1 2 3 4 5 6 7 </linea>
			<linea fila="71" compresionDeCeros="true">(71) 7 6 5 4 3 2 1 (101) 1 2 3 4 5 6 7 </linea>
			<linea fila="70" compresionDeCeros="true">(70) 7 6 5 4 3 2 1 (102) 1 2 3 4 5 6 7 </linea>
			<linea fila="69" compresionDeCeros="true">(69) 7 6 5 4 3 2 1 (103) 1 2 3 4 5 6 7 </linea>
			<linea fila="68" compresionDeCeros="true">(68) 7 6 5 4 3 2 1 (104) 1 2 3 4 5 6 7 </linea>
			<linea fila="67" compresionDeCeros="true">(67) 7 6 5 4 3 2 1 (105) 1 2 3 4 5 6 7 </linea>
			<linea fila="66" compresionDeCeros="true">(66) 7 6 5 4 3 2 1 (106) 1 2 3 4 5 6 7 </linea>
			<linea fila="65" compresionDeCeros="true">(65) 7 6 5 4 3 2 1 (107) 1 2 3 4 5 6 7 </linea>
			<linea fila="64" compresionDeCeros="true">(64) 7 6 5 4 3 2 1 (108) 1 2 3 4 5 6 7 </linea>
			<linea fila="63" compresionDeCeros="true">(63) 7 6 5 4 3 2 1 (109) 1 2 3 4 5 6 7 </linea>
			<linea fila="62" compresionDeCeros="true">(62) 7 6 5 4 3 2 1 (110) 1 2 3 4 5 6 7 </linea>
			<linea fila="61" compresionDeCeros="true">(61) 7 6 5 4 3 2 1 (111) 1 2 3 4 5 6 7 </linea>
			<linea fila="60" compresionDeCeros="true">(60) 7 6 5 4 3 2 1 (112) 1 2 3 4 5 6 7 </linea>
			<linea fila="59" compresionDeCeros="true">(59) 7 6 5 4 3 2 1 (113) 1 2 3 4 5 6 7 </linea>
			<linea fila="58" compresionDeCeros="true">(58) 7 6 5 4 3 2 1 (114) 1 2 3 4 5 6 7 </linea>
			<linea fila="57" compresionDeCeros="true">(57) 7 6 5 4 3 2 1 (115) 1 2 3 4 5 6 7 </linea>
			<linea fila="56" compresionDeCeros="true">(56) 7 6 5 4 3 2 1 (116) 1 2 3 4 5 6 7 </linea>
			<linea fila="55" compresionDeCeros="true">(55) 7 6 5 4 3 2 1 (117) 1 2 3 4 5 6 7 </linea>
			<linea fila="54" compresionDeCeros="true">(54) 7 6 5 4 3 2 1 (118) 1 2 3 4 5 6 7 </linea>
			<linea fila="53" compresionDeCeros="true">(53) 7 6 5 4 3 2 1 (119) 1 2 3 4 5 6 7 </linea>
			<linea fila="52" compresionDeCeros="true">(52) 7 6 5 4 3 2 1 (120) 1 2 3 4 5 6 7 </linea>
			<linea fila="51" compresionDeCeros="true">(51) 7 6 5 4 3 2 1 (121) 1 2 3 4 5 6 7 </linea>
			<linea fila="50" compresionDeCeros="true">(50) 7 6 5 4 3 2 1 (122) 1 2 3 4 5 6 7 </linea>
			<linea fila="49" compresionDeCeros="true">(49) 7 6 5 4 3 2 1 (123) 1 2 3 4 5 6 7 </linea>
			<linea fila="48" compresionDeCeros="true">(48) 7 6 5 4 3 2 1 (124) 1 2 3 4 5 6 7 </linea>
			<linea fila="47" compresionDeCeros="true">(47) 7 6 5 4 3 2 1 (125) 1 2 3 4 5 6 7 </linea>
			<linea fila="46" compresionDeCeros="true">(46) 7 6 5 4 3 2 1 (126) 1 2 3 4 5 6 7 </linea>
			<linea fila="45" compresionDeCeros="true">(45) 7 6 5 4 3 2 1 (127) 1 2 3 4 5 6 7 </linea>
			<linea fila="44" compresionDeCeros="true">(44) 7 6 5 4 3 2 1 (128) 1 2 3 4 5 6 7 </linea>
			<linea fila="43" compresionDeCeros="true">(43) 7 6 5 4 3 2 1 (129) 1 2 3 4 5 6 7 </linea>
			<linea fila="42" compresionDeCeros="true">(42) 7 6 5 4 3 2 1 (130) 1 2 3 4 5 6 7 </linea>
			<linea fila="41" compresionDeCeros="true">(41) 7 6 5 4 3 2 1 (131) 1 2 3 4 5 6 7 </linea>
			<linea fila="40" compresionDeCeros="true">(40) 7 6 5 4 3 2 1 (132) 1 2 3 4 5 6 7 </linea>
			<linea fila="39" compresionDeCeros="true">(39) 7 6 5 4 3 2 1 (133) 1 2 3 4 5 6 7 </linea>
			<linea fila="38" compresionDeCeros="true">(38) 7 6 5 4 3 2 1 (134) 1 2 3 4 5 6 7 </linea>
			<linea fila="37" compresionDeCeros="true">(37) 7 6 5 4 3 2 1 (135) 1 2 3 4 5 6 7 </linea>
			<linea fila="36" compresionDeCeros="true">(36) 7 6 5 4 3 2 1 (136) 1 2 3 4 5 6 7 </linea>
			<linea fila="35" compresionDeCeros="true">(35) 7 6 5 4 3 2 1 (137) 1 2 3 4 5 6 7 </linea>
			<linea fila="34" compresionDeCeros="true">(34) 7 6 5 4 3 2 1 (138) 1 2 3 4 5 6 7 </linea>
			<linea fila="33" compresionDeCeros="true">(33) 7 6 5 4 3 2 1 (139) 1 2 3 4 5 6 7 </linea>
			<linea fila="32" compresionDeCeros="true">(32) 7 6 5 4 3 2 1 (140) 1 2 3 4 5 6 7 </linea>
			<linea fila="31" compresionDeCeros="true">(31) 7 6 5 4 3 2 1 (141) 1 2 3 4 5 6 7 </linea>
			<linea fila="30" compresionDeCeros="true">(30) 7 6 5 4 3 2 1 (142) 1 2 3 4 5 6 7 </linea>
			<linea fila="29" compresionDeCeros="true">(29) 7 6 5 4 3 2 1 (143) 1 2 3 4 5 6 7 </linea>
			<linea fila="28" compresionDeCeros="true">(28) 7 6 5 4 3 2 1 (144) 1 2 3 4 5 6 7 </linea>
			<linea fila="27" compresionDeCeros="true">(27) 7 6 5 4 3 2 1 (145) 1 2 3 4 5 6 7 </linea>
			<linea fila="26" compresionDeCeros="true">(26) 7 6 5 4 3 2 1 (146) 1 2 3 4 5 6 7 </linea>
			<linea fila="25" compresionDeCeros="true">(25) 7 6 5 4 3 2 1 (147) 1 2 3 4 5 6 7 </linea>
			<linea fila="24" compresionDeCeros="true">(24) 7 6 5 4 3 2 1 (148) 1 2 3 4 5 6 7 </linea>
			<linea fila="23" compresionDeCeros="true">(23) 7 6 5 4 3 2 1 (149) 1 2 3 4 5 6 7 </linea>
			<linea fila="22" compresionDeCeros="true">(22) 7 6 5 4 3 2 1 (150) 1 2 3 4 5 6 7 </linea>
			<linea fila="21" compresionDeCeros="true">(21) 7 6 5 4 3 2 1 (151) 1 2 3 4 5 6 7 </linea>
			<linea fila="20" compresionDeCeros="true">(20) 7 6 5 4 3 2 1 (152) 1 2 3 4 5 6 7 </linea>
			<linea fila="19" compresionDeCeros="true">(19) 7 6 5 4 3 2 1 (153) 1 2 3 4 5 6 7 </linea>
			<linea fila="18" compresionDeCeros="true">(18) 7 6 5 4 3 2 1 (154) 1 2 3 4 5 6 7 </linea>
			<linea fila="17" compresionDeCeros="true">(17) 7 6 5 4 3 2 1 (155) 1 2 3 4 5 6 7 </linea>
			<linea fila="16" compresionDeCeros="true">(16) 7 6 5 4 3 2 1 (156) 1 2 3 4 5 6 7 </linea>
			<linea fila="15" compresionDeCeros="true">(15) 7 6 5 4 3 2 1 (157) 1 2 3 4 5 6 7 </linea>
			<linea fila="14" compresionDeCeros="true">(14) 7 6 5 4 3 2 1 (158) 1 2 3 4 5 6 7 </linea>
			<linea fila="13" compresionDeCeros="true">(13) 7 6 5 4 3 2 1 (159) 1 2 3 4 5 6 7 </linea>
			<linea fila="12" compresionDeCeros="true">(12) 7 6 5 4 3 2 1 (160) 1 2 3 4 5 6 7 </linea>
			<linea fila="11" compresionDeCeros="true">(11) 7 6 5 4 3 2 1 (161) 1 2 3 4 5 6 7 </linea>
			<linea fila="10" compresionDeCeros="true">(10) 7 6 5 4 3 2 1 (162) 1 2 3 4 5 6 7 </linea>
			<linea fila="9" compresionDeCeros="true">(9) 7 6 5 4 3 2 1 (163) 1 2 3 4 5 6 7 </linea>
			<linea fila="8" compresionDeCeros="true">(8) 7 6 5 4 3 2 1 (164) 1 2 3 4 5 6 7 </linea>
			<linea fila="7" compresionDeCeros="true">(7) 7 6 5 4 3 2 1 (165) 1 2 3 4 5 6 7 </linea>
			<linea fila="6" compresionDeCeros="true">(6) 7 6 5 4 3 2 1 (166) 1 2 3 4 5 6 7 </linea>
			<linea fila="5" compresionDeCeros="true">(5) 7 6 5 4 3 2 1 (167) 1 2 3 4 5 6 7 </linea>
			<linea fila="4" compresionDeCeros="true">(4) 7 6 5 4 3 2 1 (168) 1 2 3 4 5 6 7 </linea>
			<linea fila="3" compresionDeCeros="true">(3) 7 6 5 4 3 2 1 (169) 1 2 3 4 5 6 7 </linea>
			<linea fila="2" compresionDeCeros="true">(2) 7 6 5 4 3 2 1 (170) 1 2 3 4 5 6 7 </linea>
			<linea fila="1" compresionDeCeros="true">(1) 7 6 5 4 3 2 1 (171) 1 2 3 4 5 6 7 </linea>
		</mundo>
	</mundos>
	<programas>
		<programa nombre="p1" resultadoEjecucion="FIN PROGRAMA"/>
	</programas>
</resultados>

