<resultados>
	<mundos>
		<mundo nombre="mundo_0">
			<linea fila="11" compresionDeCeros="true">(1) 45 46 47 48 49 50 51 52 94 95 96 350 351 352 353 354 355 356 357 358 359 360 361 362 363 364 365 366 367 400 </linea>
			<linea fila="10" compresionDeCeros="true">(1) 10 12 13 14 15 16 42 43 93 94 95 96 97 98 99 100 101 102 103 104 105 106 107 108 109 110 111 112 113 114 </linea>
			<linea fila="9" compresionDeCeros="true">(1) 9 11 12 13 14 15 41 42 92 93 94 95 96 97 98 99 100 101 102 103 104 105 106 107 108 109 110 111 112 113 </linea>
			<linea fila="8" compresionDeCeros="true">(1) 8 10 11 12 13 14 40 41 91 92 93 94 95 96 97 98 99 100 101 102 103 104 105 106 107 108 109 110 111 112 </linea>
			<linea fila="7" compresionDeCeros="true">(1) 7 9 10 11 12 13 39 40 90 91 92 93 94 95 96 97 98 99 100 101 102 103 104 105 106 107 108 109 110 111 </linea>
			<linea fila="6" compresionDeCeros="true">(1) 6 8 9 10 11 12 38 39 40 41 42 43 44 45 46 47 48 49 50 51 52 53 54 55 56 57 58 59 60 61 </linea>
			<linea fila="5" compresionDeCeros="true">(1) 5 7 8 9 10 11 37 38 39 40 41 42 43 44 45 46 47 48 49 50 51 52 53 54 55 56 57 58 59 60 </linea>
			<linea fila="4" compresionDeCeros="true">(1) 4 6 7 8 9 10 36 37 38 39 40 41 42 43 44 45 46 47 48 49 50 51 52 53 54 55 56 57 58 59 </linea>
			<linea fila="3" compresionDeCeros="true">(1) 3 5 6 7 8 9 35 36 37 38 39 40 41 42 43 44 45 46 47 48 49 50 51 52 53 54 55 56 57 58 </linea>
			<linea fila="2" compresionDeCeros="true">(1) 2 4 5 6 7 8 9 10 11 12 13 14 15 16 17 18 19 20 21 22 23 24 25 26 27 28 29 30 31 32 </linea>
			<linea fila="1" compresionDeCeros="true">(1) 1 2 3 4 5 6 7 8 9 10 11 12 13 14 15 16 17 18 19 20 21 22 23 24 25 26 27 28 29 30 </linea>
		</mundo>
	</mundos>
	<programas>
		<programa nombre="p1" resultadoEjecucion="FIN PROGRAMA"/>
	</programas>
</resultados>

