<resultados>
	<mundos>
		<mundo nombre="mundo_0">
			<linea fila="11" compresionDeCeros="true">(1) 11 13 14 15 16 17 43 44 94 95 96 350 </linea>
			<linea fila="10" compresionDeCeros="true">(1) 10 12 13 14 15 16 42 43 93 94 95 96 </linea>
			<linea fila="9" compresionDeCeros="true">(1) 9 11 12 13 14 15 41 42 92 93 94 95 </linea>
			<linea fila="8" compresionDeCeros="true">(1) 8 10 11 12 13 14 40 41 91 92 93 94 </linea>
			<linea fila="7" compresionDeCeros="true">(1) 7 9 10 11 12 13 39 40 90 91 92 93 </linea>
			<linea fila="6" compresionDeCeros="true">(1) 6 8 9 10 11 12 38 39 40 41 42 43 </linea>
			<linea fila="5" compresionDeCeros="true">(1) 5 7 8 9 10 11 37 38 39 40 41 42 </linea>
			<linea fila="4" compresionDeCeros="true">(1) 4 6 7 8 9 10 36 37 38 39 40 41 </linea>
			<linea fila="3" compresionDeCeros="true">(1) 3 5 6 7 8 9 35 36 37 38 39 40 </linea>
			<linea fila="2" compresionDeCeros="true">(1) 2 4 5 6 7 8 9 10 11 12 13 14 </linea>
			<linea fila="1" compresionDeCeros="true">(1) 1 2 3 4 5 6 7 8 9 10 11 12 </linea>
		</mundo>
	</mundos>
	<programas>
		<programa nombre="p1" resultadoEjecucion="FIN PROGRAMA"/>
	</programas>
</resultados>

