<resultados>
	<mundos>
		<mundo nombre="mundo_0">
			<linea fila="59" compresionDeCeros="true">(1) 41 40 </linea>
			<linea fila="58" compresionDeCeros="true">(1) 49 47 46 49 46 47 </linea>
			<linea fila="48" compresionDeCeros="true">(1) 19 19 16 18 19 16 17 18 19 18 19 19 17 16 18 18 18 19 19 18 19 18 17 16 16 19 16 16 17 18 </linea>
			<linea fila="47" compresionDeCeros="true">(1) 19 21 21 20 19 20 19 21 21 19 19 20 21 20 </linea>
			<linea fila="45" compresionDeCeros="true">(1) 15 19 </linea>
			<linea fila="38" compresionDeCeros="true">(1) 22 22 22 22 22 22 22 22 22 22 22 22 22 22 22 22 22 22 22 22 22 22 22 22 22 22 22 22 22 22 22 22 22 </linea>
			<linea fila="34" compresionDeCeros="true">(1) 24 24 21 24 23 22 24 21 23 21 23 23 22 24 21 23 21 22 21 22 21 21 24 </linea>
			<linea fila="29" compresionDeCeros="true">(1) 16 16 16 16 16 16 16 16 16 16 16 16 16 16 16 16 16 16 16 16 16 16 </linea>
			<linea fila="21" compresionDeCeros="true">(1) 20 20 20 20 20 20 20 20 20 20 20 20 20 20 20 20 20 20 20 20 20 20 20 20 20 20 20 20 20 20 20 20 20 20 20 20 20 20 20 20 20 20 20 20 20 20 </linea>
			<linea fila="17" compresionDeCeros="true">(1) 19 16 18 18 19 17 19 </linea>
			<linea fila="16" compresionDeCeros="true">(1) 32 30 34 33 34 32 33 32 32 32 32 </linea>
			<linea fila="8" compresionDeCeros="true">(1) 28 26 29 25 </linea>
			<linea fila="3" compresionDeCeros="true">(1) 15 12 14 12 11 13 12 12 13 12 15 15 12 15 12 13 13 15 13 12 13 14 </linea>
			<linea fila="2" compresionDeCeros="true">(1) 41 41 42 41 42 42 41 41 42 41 41 41 42 42 42 42 41 41 42 42 41 42 42 42 42 42 41 41 42 42 42 42 41 42 42 41 41 42 </linea>
			<linea fila="1" compresionDeCeros="true">(1) 29 29 28 28 29 29 28 29 28 28 28 28 29 28 29 28 29 29 28 28 29 29 29 29 29 28 29 28 29 28 28 28 28 28 28 29 28 29 29 28 29 29 29 29 29 28 </linea>
		</mundo>
	</mundos>
	<programas>
		<programa nombre="p1" resultadoEjecucion="FIN PROGRAMA"/>
	</programas>
</resultados>

