<resultados>
	<mundos>
		<mundo nombre="mundo_0">
			<linea fila="14" compresionDeCeros="true">(1) 39 39 40 40 40 38 40 40 39 38 39 38 40 40 39 40 40 39 40 39 38 38 39 39 39 39 39 39 38 40 40 40 40 40 39 38 39 40 38 38 39 39 40 39 40 39 38 38 38 </linea>
			<linea fila="13" compresionDeCeros="true">(1) 49 49 49 50 49 50 49 50 49 49 50 49 50 50 49 49 50 </linea>
			<linea fila="12" compresionDeCeros="true">(1) 13 13 13 9 10 12 11 9 9 11 10 12 </linea>
			<linea fila="10" compresionDeCeros="true">(1) 26 26 26 25 26 27 25 26 26 26 25 25 27 26 27 26 25 26 27 26 26 26 26 25 26 26 25 25 27 26 26 25 25 27 27 25 26 27 26 26 27 26 25 25 25 </linea>
			<linea fila="9" compresionDeCeros="true">(1) 19 22 19 22 21 </linea>
			<linea fila="8" compresionDeCeros="true">(1) 22 21 23 21 21 21 22 21 22 22 21 22 23 22 22 23 23 23 23 22 22 </linea>
			<linea fila="5" compresionDeCeros="true">(1) 11 11 12 11 13 14 10 12 14 14 12 14 10 14 13 13 11 13 13 10 10 11 10 12 11 12 13 10 12 14 13 12 </linea>
			<linea fila="4" compresionDeCeros="true">(1) 13 15 15 14 15 12 16 12 13 15 14 13 </linea>
			<linea fila="3" compresionDeCeros="true">(1) 30 29 29 29 30 29 29 30 30 30 </linea>
			<linea fila="2" compresionDeCeros="true">(1) 7 9 8 9 7 8 7 8 8 7 7 7 7 7 9 8 8 8 7 9 7 9 8 8 9 7 8 7 7 7 7 8 7 8 9 7 8 </linea>
			<linea fila="1" compresionDeCeros="true">(1) 50 50 49 50 50 49 50 49 49 50 50 49 49 50 49 50 50 49 50 50 50 50 49 49 50 49 49 50 49 50 49 49 49 </linea>
		</mundo>
	</mundos>
	<programas>
		<programa nombre="p1" resultadoEjecucion="FIN PROGRAMA"/>
	</programas>
</resultados>

