<resultados>
	<mundos>
		<mundo nombre="mundo_0">
			<linea fila="21" compresionDeCeros="true">(1) 6 5 5 5 7 7 6 5 5 6 6 7 6 5 7 6 6 5 7 7 7 7 5 7 7 7 6 6 5 6 7 6 6 5 5 6 7 5 5 5 6 7 7 6 </linea>
			<linea fila="20" compresionDeCeros="true">(1) 10 10 10 10 10 </linea>
			<linea fila="18" compresionDeCeros="true">(1) 40 40 40 39 39 39 39 39 39 39 40 40 40 39 40 39 40 40 40 39 39 39 39 39 40 40 39 39 39 40 39 40 39 40 39 39 40 40 39 40 40 39 </linea>
			<linea fila="17" compresionDeCeros="true">(1) 5 4 5 5 5 4 5 5 5 4 5 5 4 4 5 4 4 4 5 4 4 4 4 5 4 5 4 5 5 5 5 5 5 5 4 4 4 4 4 5 5 4 4 5 </linea>
			<linea fila="16" compresionDeCeros="true">(1) 23 24 24 </linea>
			<linea fila="15" compresionDeCeros="true">(1) 39 39 38 38 38 39 39 38 39 38 39 39 39 38 38 38 39 38 39 39 39 38 38 39 </linea>
			<linea fila="14" compresionDeCeros="true">(1) 21 21 17 21 18 20 18 21 21 17 17 19 20 </linea>
			<linea fila="13" compresionDeCeros="true">(1) 19 19 19 19 19 19 19 19 19 19 19 19 19 19 19 19 19 19 19 19 19 19 19 19 19 19 19 19 19 19 19 19 19 19 19 19 19 19 </linea>
			<linea fila="12" compresionDeCeros="true">(1) 47 49 49 47 48 48 49 50 47 50 47 48 48 50 47 50 48 48 50 </linea>
			<linea fila="10" compresionDeCeros="true">(1) 5 5 4 4 3 4 3 3 7 7 4 4 7 4 6 4 6 7 6 4 6 </linea>
			<linea fila="9" compresionDeCeros="true">(1) 2 4 4 3 3 </linea>
			<linea fila="8" compresionDeCeros="true">(1) 42 43 42 45 43 46 44 43 46 44 42 43 44 42 42 42 45 43 43 43 45 43 43 43 43 43 43 45 42 46 44 44 45 42 43 43 44 45 44 43 42 42 43 46 44 45 43 46 42 46 </linea>
			<linea fila="5" compresionDeCeros="true">(1) 46 45 45 43 44 45 44 43 44 45 46 45 44 43 44 46 43 44 </linea>
			<linea fila="4" compresionDeCeros="true">(1) 34 34 34 34 34 34 34 34 34 34 34 34 34 34 34 34 34 34 34 34 34 34 34 34 34 34 34 34 34 34 34 34 34 34 </linea>
			<linea fila="3" compresionDeCeros="true">(1) 2 3 3 3 2 3 3 2 2 2 2 3 3 3 3 3 3 3 2 2 2 2 3 3 2 3 3 3 </linea>
			<linea fila="2" compresionDeCeros="true">(1) 50 48 47 50 48 49 48 50 49 49 49 50 50 49 49 49 48 47 48 48 50 47 47 49 48 50 50 49 47 48 48 48 47 50 48 48 50 48 48 48 50 50 49 47 48 49 48 </linea>
			<linea fila="1" compresionDeCeros="true">(1) 5 8 8 7 9 6 6 8 9 5 5 8 9 8 6 9 5 6 6 9 9 6 9 8 7 5 7 9 5 5 8 7 7 7 6 7 9 9 7 9 5 5 7 </linea>
		</mundo>
	</mundos>
	<programas>
		<programa nombre="p1" resultadoEjecucion="FIN PROGRAMA"/>
	</programas>
</resultados>

