<resultados>
	<mundos>
		<mundo nombre="mundo_0">
			<linea fila="34" compresionDeCeros="true">(1) 39 41 37 38 40 38 </linea>
			<linea fila="33" compresionDeCeros="true">(1) 6 6 6 6 6 6 6 6 6 6 6 6 6 6 6 6 6 6 6 6 6 6 6 </linea>
			<linea fila="32" compresionDeCeros="true">(1) 17 17 17 17 17 17 17 17 17 17 17 17 17 17 </linea>
			<linea fila="31" compresionDeCeros="true">(1) 8 8 6 6 8 6 8 6 8 7 8 8 7 8 7 8 8 6 6 8 6 7 6 8 8 6 7 </linea>
			<linea fila="30" compresionDeCeros="true">(1) 8 8 8 8 8 8 8 8 8 8 8 8 8 8 8 8 8 8 8 8 8 8 8 8 8 8 8 8 8 8 8 8 </linea>
			<linea fila="29" compresionDeCeros="true">(1) 1 1 1 1 1 1 1 1 1 1 1 1 1 1 1 1 1 1 1 1 1 1 1 1 1 1 1 1 1 1 1 1 1 1 1 1 </linea>
			<linea fila="28" compresionDeCeros="true">(1) 25 26 26 25 28 26 28 27 26 </linea>
			<linea fila="26" compresionDeCeros="true">(1) 24 25 25 25 24 26 25 25 26 25 24 26 25 25 25 25 25 25 26 25 24 26 24 24 26 26 25 26 25 24 26 26 25 </linea>
			<linea fila="25" compresionDeCeros="true">(1) 33 33 33 33 33 33 33 33 33 </linea>
			<linea fila="22" compresionDeCeros="true">(1) 49 49 49 47 49 48 49 47 48 48 48 49 47 49 48 48 47 47 49 49 47 </linea>
			<linea fila="21" compresionDeCeros="true">(1) 12 13 11 </linea>
			<linea fila="19" compresionDeCeros="true">(1) 14 13 13 13 13 13 14 14 13 14 13 13 13 14 13 14 13 13 14 14 13 14 14 14 14 14 14 13 13 13 14 14 14 14 13 </linea>
			<linea fila="18" compresionDeCeros="true">(1) 46 45 47 45 46 47 45 46 47 46 46 47 47 46 46 47 45 47 47 45 46 47 46 47 46 45 46 46 47 46 46 46 45 45 47 45 </linea>
			<linea fila="17" compresionDeCeros="true">(1) 7 6 9 7 6 6 7 6 6 8 9 6 9 8 9 8 7 6 9 8 6 8 8 6 7 9 8 7 7 7 7 7 8 9 9 7 9 7 9 8 8 9 9 6 9 8 9 9 9 6 </linea>
			<linea fila="16" compresionDeCeros="true">(1) 44 40 41 40 44 41 42 43 41 44 41 41 42 42 41 40 42 40 42 40 42 43 42 40 44 42 </linea>
			<linea fila="15" compresionDeCeros="true">(1) 30 30 30 30 30 30 30 30 30 30 30 30 30 30 30 30 30 30 30 30 30 30 30 30 30 30 30 30 30 30 30 30 30 </linea>
			<linea fila="14" compresionDeCeros="true">(1) 28 29 27 </linea>
			<linea fila="13" compresionDeCeros="true">(1) 41 41 41 41 41 41 41 41 41 41 41 41 41 41 41 41 41 41 41 41 41 41 41 41 41 41 41 41 41 41 41 41 41 41 41 41 41 41 41 41 </linea>
			<linea fila="12" compresionDeCeros="true">(1) 28 28 29 28 29 29 29 28 29 </linea>
			<linea fila="11" compresionDeCeros="true">(1) 5 6 5 4 4 5 6 5 4 6 </linea>
			<linea fila="10" compresionDeCeros="true">(1) 1 5 3 2 4 5 2 1 2 3 4 2 5 5 3 2 4 1 3 4 1 4 4 5 5 4 3 2 2 3 4 5 </linea>
			<linea fila="8" compresionDeCeros="true">(1) 34 34 34 34 34 34 34 34 34 34 34 34 34 34 34 34 34 34 34 34 34 34 34 34 </linea>
			<linea fila="7" compresionDeCeros="true">(1) 40 39 38 41 41 38 41 39 39 38 39 39 40 40 40 38 38 41 38 38 40 39 40 41 40 38 40 39 40 40 38 38 39 40 38 40 40 38 39 40 40 </linea>
			<linea fila="6" compresionDeCeros="true">(1) 27 27 27 27 27 27 27 27 27 27 27 27 27 27 27 </linea>
			<linea fila="5" compresionDeCeros="true">(1) 24 25 25 24 24 23 22 23 25 26 23 26 24 25 24 22 24 24 23 22 25 22 24 23 26 </linea>
			<linea fila="4" compresionDeCeros="true">(1) 25 25 26 26 26 25 </linea>
			<linea fila="3" compresionDeCeros="true">(1) 30 33 30 32 31 32 34 34 34 34 34 34 34 33 </linea>
			<linea fila="2" compresionDeCeros="true">(1) 45 44 42 45 44 44 44 46 46 44 43 43 42 44 46 46 44 45 43 44 43 46 46 42 42 43 45 46 46 43 43 44 45 46 43 46 43 44 44 42 44 44 43 46 44 46 46 </linea>
			<linea fila="1" compresionDeCeros="true">(1) 46 46 46 46 46 46 46 46 46 46 46 46 46 46 46 46 46 46 46 46 46 46 46 46 46 46 46 46 46 46 46 46 46 46 46 46 46 46 46 46 46 46 46 </linea>
		</mundo>
	</mundos>
	<programas>
		<programa nombre="p1" resultadoEjecucion="FIN PROGRAMA"/>
	</programas>
</resultados>

