<resultados>
	<mundos>
		<mundo nombre="mundo_0">
			<linea fila="37" compresionDeCeros="true">(1) 19 15 15 15 19 16 16 18 18 16 16 19 19 19 16 17 18 19 17 16 15 17 18 19 16 </linea>
			<linea fila="36" compresionDeCeros="true">(1) 29 30 30 28 30 26 28 26 30 27 </linea>
			<linea fila="34" compresionDeCeros="true">(1) 19 15 18 16 16 16 15 19 18 19 17 17 15 18 19 18 </linea>
			<linea fila="33" compresionDeCeros="true">(1) 44 44 44 45 45 45 45 45 45 45 44 44 45 44 45 45 44 45 45 44 45 44 44 45 44 44 45 45 44 45 45 44 44 45 45 45 45 44 45 44 45 45 </linea>
			<linea fila="31" compresionDeCeros="true">(1) 49 49 49 49 </linea>
			<linea fila="30" compresionDeCeros="true">(1) 34 35 34 36 36 34 35 35 36 36 36 35 36 34 35 35 </linea>
			<linea fila="29" compresionDeCeros="true">(1) 33 33 33 33 32 32 32 33 32 </linea>
			<linea fila="28" compresionDeCeros="true">(1) 43 43 43 43 43 43 43 43 43 43 43 43 43 43 </linea>
			<linea fila="27" compresionDeCeros="true">(1) 42 41 41 40 40 41 41 40 40 42 43 42 42 41 44 41 40 43 44 43 42 42 43 42 40 44 40 42 40 40 40 44 42 40 40 </linea>
			<linea fila="22" compresionDeCeros="true">(1) 1 1 1 1 1 1 1 1 1 1 1 1 1 1 1 1 1 1 1 </linea>
			<linea fila="21" compresionDeCeros="true">(1) 30 29 30 28 31 30 28 31 30 30 31 28 31 29 30 28 28 31 28 29 31 30 30 30 28 </linea>
			<linea fila="19" compresionDeCeros="true">(1) 47 47 47 47 47 47 47 47 </linea>
			<linea fila="18" compresionDeCeros="true">(1) 7 3 4 6 5 7 6 7 4 6 3 7 4 3 6 6 4 3 4 </linea>
			<linea fila="15" compresionDeCeros="true">(1) 40 41 40 38 38 38 40 40 40 40 38 38 38 38 41 39 39 39 38 38 39 38 38 38 41 39 38 38 39 38 38 39 40 38 41 38 41 40 39 39 </linea>
			<linea fila="14" compresionDeCeros="true">(1) 34 33 32 33 32 33 34 32 34 34 33 33 32 32 34 </linea>
			<linea fila="13" compresionDeCeros="true">(1) 26 24 27 27 25 24 24 25 26 27 27 24 24 24 24 25 24 27 26 </linea>
			<linea fila="12" compresionDeCeros="true">(1) 31 30 30 30 30 31 30 31 31 30 31 31 30 30 30 30 31 30 31 31 30 30 30 30 30 31 30 30 31 31 </linea>
			<linea fila="11" compresionDeCeros="true">(1) 30 30 30 30 30 30 30 30 30 30 30 30 30 30 30 30 30 30 30 30 30 30 30 30 30 30 30 30 30 30 30 30 30 30 30 30 30 30 </linea>
			<linea fila="10" compresionDeCeros="true">(1) 9 9 9 9 9 9 9 9 9 9 9 9 9 9 9 9 9 9 9 9 9 9 9 9 9 9 9 9 9 9 9 9 9 9 9 9 9 9 </linea>
			<linea fila="8" compresionDeCeros="true">(1) 6 5 6 7 5 6 7 7 6 6 6 7 7 6 6 5 6 6 6 5 7 6 6 5 6 5 6 5 6 7 5 5 5 7 6 6 5 6 5 6 6 6 6 5 5 6 5 6 7 6 </linea>
			<linea fila="6" compresionDeCeros="true">(1) 44 43 45 44 44 45 45 43 45 43 44 44 44 45 45 44 44 43 43 45 43 44 43 43 43 44 43 43 45 43 45 44 45 45 44 43 44 44 45 45 43 45 45 43 44 44 44 44 43 </linea>
			<linea fila="5" compresionDeCeros="true">(1) 9 9 10 7 9 11 8 10 7 7 9 7 10 10 7 9 10 7 9 10 7 9 7 10 10 7 8 9 11 9 11 7 </linea>
			<linea fila="3" compresionDeCeros="true">(1) 37 37 37 37 37 38 36 37 37 38 38 36 38 36 36 38 36 36 38 38 36 38 37 37 37 38 37 37 37 38 37 38 </linea>
			<linea fila="1" compresionDeCeros="true">(1) 28 28 28 28 28 28 28 28 28 28 </linea>
		</mundo>
	</mundos>
	<programas>
		<programa nombre="p1" resultadoEjecucion="FIN PROGRAMA"/>
	</programas>
</resultados>

